[ 2015-04-02T21:12:04+08:00 ] 127.0.0.1 /ecs_weixiao_github/ecs_weixiao/index.php?m=seller&c=index&a=index
INFO: [ app_init ] --START--
INFO: Run Behavior\BuildLiteBehavior [ RunTime:0.000020s ]
INFO: [ app_init ] --END-- [ RunTime:0.000549s ]
INFO: [ app_begin ] --START--
INFO: Run Behavior\ReadHtmlCacheBehavior [ RunTime:0.000723s ]
INFO: [ app_begin ] --END-- [ RunTime:0.000803s ]
SQL: SHOW COLUMNS FROM `wx_wechat` [ RunTime:0.2158s ]
SQL: SHOW COLUMNS FROM `wx_user` [ RunTime:0.0435s ]
SQL: SELECT * FROM `wx_user` WHERE `openid` = 'oaQ8auGYY-uQTtIUAFFxqnQJpjWQ' LIMIT 1   [ RunTime:0.0139s ]
SQL: SHOW COLUMNS FROM `wx_goods_category` [ RunTime:0.0660s ]
SQL: SELECT * FROM `wx_goods_category` WHERE `uid` = 29  [ RunTime:0.0014s ]

[ 2015-04-02T21:13:52+08:00 ] 127.0.0.1 /ecs_weixiao_github/ecs_weixiao/index.php?m=seller&c=index&a=index
INFO: [ app_init ] --START--
INFO: Run Behavior\BuildLiteBehavior [ RunTime:0.000041s ]
INFO: [ app_init ] --END-- [ RunTime:0.000780s ]
INFO: [ app_begin ] --START--
INFO: Run Behavior\ReadHtmlCacheBehavior [ RunTime:0.000926s ]
INFO: [ app_begin ] --END-- [ RunTime:0.001046s ]
SQL: SHOW COLUMNS FROM `wx_wechat` [ RunTime:0.0152s ]
SQL: SHOW COLUMNS FROM `wx_user` [ RunTime:0.0115s ]
SQL: SHOW COLUMNS FROM `wx_goods_category` [ RunTime:0.0101s ]
NOTIC: [8] Uninitialized string offset: 0 D:\ApmServ\APMServ5.2.6\www\htdocs\ecs_weixiao_github\ecs_weixiao\Application\Seller\Controller\IndexController.class.php 第 78 行.
SQL: SELECT * FROM `wx_goods_category` WHERE `uid` = 0  [ RunTime:0.0006s ]

[ 2015-04-02T21:13:53+08:00 ] 127.0.0.1 /ecs_weixiao_github/ecs_weixiao/index.php?m=seller&c=index&a=index
INFO: [ app_init ] --START--
INFO: Run Behavior\BuildLiteBehavior [ RunTime:0.000066s ]
INFO: [ app_init ] --END-- [ RunTime:0.001281s ]
INFO: [ app_begin ] --START--
INFO: Run Behavior\ReadHtmlCacheBehavior [ RunTime:0.000592s ]
INFO: [ app_begin ] --END-- [ RunTime:0.000671s ]
SQL: SHOW COLUMNS FROM `wx_wechat` [ RunTime:0.0108s ]
SQL: SHOW COLUMNS FROM `wx_user` [ RunTime:0.0129s ]
SQL: SHOW COLUMNS FROM `wx_goods_category` [ RunTime:0.0118s ]
NOTIC: [8] Uninitialized string offset: 0 D:\ApmServ\APMServ5.2.6\www\htdocs\ecs_weixiao_github\ecs_weixiao\Application\Seller\Controller\IndexController.class.php 第 78 行.
SQL: SELECT * FROM `wx_goods_category` WHERE `uid` = 0  [ RunTime:0.0007s ]

[ 2015-04-02T21:13:54+08:00 ] 127.0.0.1 /ecs_weixiao_github/ecs_weixiao/index.php?m=seller&c=index&a=index
INFO: [ app_init ] --START--
INFO: Run Behavior\BuildLiteBehavior [ RunTime:0.000026s ]
INFO: [ app_init ] --END-- [ RunTime:0.000587s ]
INFO: [ app_begin ] --START--
INFO: Run Behavior\ReadHtmlCacheBehavior [ RunTime:0.000695s ]
INFO: [ app_begin ] --END-- [ RunTime:0.000784s ]
SQL: SHOW COLUMNS FROM `wx_wechat` [ RunTime:0.0146s ]
SQL: SHOW COLUMNS FROM `wx_user` [ RunTime:0.0129s ]
SQL: SHOW COLUMNS FROM `wx_goods_category` [ RunTime:0.0114s ]
NOTIC: [8] Uninitialized string offset: 0 D:\ApmServ\APMServ5.2.6\www\htdocs\ecs_weixiao_github\ecs_weixiao\Application\Seller\Controller\IndexController.class.php 第 78 行.
SQL: SELECT * FROM `wx_goods_category` WHERE `uid` = 0  [ RunTime:0.0014s ]

[ 2015-04-02T21:13:54+08:00 ] 127.0.0.1 /ecs_weixiao_github/ecs_weixiao/index.php?m=seller&c=index&a=index
INFO: [ app_init ] --START--
INFO: Run Behavior\BuildLiteBehavior [ RunTime:0.000026s ]
INFO: [ app_init ] --END-- [ RunTime:0.000596s ]
INFO: [ app_begin ] --START--
INFO: Run Behavior\ReadHtmlCacheBehavior [ RunTime:0.000859s ]
INFO: [ app_begin ] --END-- [ RunTime:0.000968s ]
SQL: SHOW COLUMNS FROM `wx_wechat` [ RunTime:0.0169s ]
SQL: SHOW COLUMNS FROM `wx_user` [ RunTime:0.0169s ]
SQL: SHOW COLUMNS FROM `wx_goods_category` [ RunTime:0.0144s ]
NOTIC: [8] Uninitialized string offset: 0 D:\ApmServ\APMServ5.2.6\www\htdocs\ecs_weixiao_github\ecs_weixiao\Application\Seller\Controller\IndexController.class.php 第 78 行.
SQL: SELECT * FROM `wx_goods_category` WHERE `uid` = 0  [ RunTime:0.0037s ]

[ 2015-04-02T21:13:54+08:00 ] 127.0.0.1 /ecs_weixiao_github/ecs_weixiao/index.php?m=seller&c=index&a=index
INFO: [ app_init ] --START--
INFO: Run Behavior\BuildLiteBehavior [ RunTime:0.000029s ]
INFO: [ app_init ] --END-- [ RunTime:0.000684s ]
INFO: [ app_begin ] --START--
INFO: Run Behavior\ReadHtmlCacheBehavior [ RunTime:0.000752s ]
INFO: [ app_begin ] --END-- [ RunTime:0.000856s ]
SQL: SHOW COLUMNS FROM `wx_wechat` [ RunTime:0.0085s ]
SQL: SHOW COLUMNS FROM `wx_user` [ RunTime:0.0097s ]
SQL: SHOW COLUMNS FROM `wx_goods_category` [ RunTime:0.0089s ]
NOTIC: [8] Uninitialized string offset: 0 D:\ApmServ\APMServ5.2.6\www\htdocs\ecs_weixiao_github\ecs_weixiao\Application\Seller\Controller\IndexController.class.php 第 78 行.
SQL: SELECT * FROM `wx_goods_category` WHERE `uid` = 0  [ RunTime:0.0004s ]

[ 2015-04-02T21:13:54+08:00 ] 127.0.0.1 /ecs_weixiao_github/ecs_weixiao/index.php?m=seller&c=index&a=index
INFO: [ app_init ] --START--
INFO: Run Behavior\BuildLiteBehavior [ RunTime:0.000027s ]
INFO: [ app_init ] --END-- [ RunTime:0.000568s ]
INFO: [ app_begin ] --START--
INFO: Run Behavior\ReadHtmlCacheBehavior [ RunTime:0.000802s ]
INFO: [ app_begin ] --END-- [ RunTime:0.000908s ]
SQL: SHOW COLUMNS FROM `wx_wechat` [ RunTime:0.0121s ]
SQL: SHOW COLUMNS FROM `wx_user` [ RunTime:0.0129s ]
SQL: SHOW COLUMNS FROM `wx_goods_category` [ RunTime:0.0114s ]
NOTIC: [8] Uninitialized string offset: 0 D:\ApmServ\APMServ5.2.6\www\htdocs\ecs_weixiao_github\ecs_weixiao\Application\Seller\Controller\IndexController.class.php 第 78 行.
SQL: SELECT * FROM `wx_goods_category` WHERE `uid` = 0  [ RunTime:0.0004s ]

[ 2015-04-02T21:13:54+08:00 ] 127.0.0.1 /ecs_weixiao_github/ecs_weixiao/index.php?m=seller&c=index&a=index
INFO: [ app_init ] --START--
INFO: Run Behavior\BuildLiteBehavior [ RunTime:0.000021s ]
INFO: [ app_init ] --END-- [ RunTime:0.000523s ]
INFO: [ app_begin ] --START--
INFO: Run Behavior\ReadHtmlCacheBehavior [ RunTime:0.000472s ]
INFO: [ app_begin ] --END-- [ RunTime:0.000530s ]
SQL: SHOW COLUMNS FROM `wx_wechat` [ RunTime:0.0136s ]
SQL: SHOW COLUMNS FROM `wx_user` [ RunTime:0.0096s ]
SQL: SHOW COLUMNS FROM `wx_goods_category` [ RunTime:0.0106s ]
NOTIC: [8] Uninitialized string offset: 0 D:\ApmServ\APMServ5.2.6\www\htdocs\ecs_weixiao_github\ecs_weixiao\Application\Seller\Controller\IndexController.class.php 第 78 行.
SQL: SELECT * FROM `wx_goods_category` WHERE `uid` = 0  [ RunTime:0.0015s ]

[ 2015-04-02T21:13:55+08:00 ] 127.0.0.1 /ecs_weixiao_github/ecs_weixiao/index.php?m=seller&c=index&a=index
INFO: [ app_init ] --START--
INFO: Run Behavior\BuildLiteBehavior [ RunTime:0.000018s ]
INFO: [ app_init ] --END-- [ RunTime:0.000379s ]
INFO: [ app_begin ] --START--
INFO: Run Behavior\ReadHtmlCacheBehavior [ RunTime:0.000866s ]
INFO: [ app_begin ] --END-- [ RunTime:0.000989s ]
SQL: SHOW COLUMNS FROM `wx_wechat` [ RunTime:0.0129s ]
SQL: SHOW COLUMNS FROM `wx_user` [ RunTime:0.0122s ]
SQL: SHOW COLUMNS FROM `wx_goods_category` [ RunTime:0.0124s ]
NOTIC: [8] Uninitialized string offset: 0 D:\ApmServ\APMServ5.2.6\www\htdocs\ecs_weixiao_github\ecs_weixiao\Application\Seller\Controller\IndexController.class.php 第 78 行.
SQL: SELECT * FROM `wx_goods_category` WHERE `uid` = 0  [ RunTime:0.0007s ]

[ 2015-04-02T21:13:55+08:00 ] 127.0.0.1 /ecs_weixiao_github/ecs_weixiao/index.php?m=seller&c=index&a=index
INFO: [ app_init ] --START--
INFO: Run Behavior\BuildLiteBehavior [ RunTime:0.000026s ]
INFO: [ app_init ] --END-- [ RunTime:0.000378s ]
INFO: [ app_begin ] --START--
INFO: Run Behavior\ReadHtmlCacheBehavior [ RunTime:0.000850s ]
INFO: [ app_begin ] --END-- [ RunTime:0.000972s ]
SQL: SHOW COLUMNS FROM `wx_wechat` [ RunTime:0.0123s ]
SQL: SHOW COLUMNS FROM `wx_user` [ RunTime:0.0131s ]
SQL: SHOW COLUMNS FROM `wx_goods_category` [ RunTime:0.0092s ]
NOTIC: [8] Uninitialized string offset: 0 D:\ApmServ\APMServ5.2.6\www\htdocs\ecs_weixiao_github\ecs_weixiao\Application\Seller\Controller\IndexController.class.php 第 78 行.
SQL: SELECT * FROM `wx_goods_category` WHERE `uid` = 0  [ RunTime:0.0006s ]

[ 2015-04-02T21:14:08+08:00 ] 127.0.0.1 /ecs_weixiao_github/ecs_weixiao/index.php?m=seller&c=index&a=index
INFO: [ app_init ] --START--
INFO: Run Behavior\BuildLiteBehavior [ RunTime:0.000016s ]
INFO: [ app_init ] --END-- [ RunTime:0.000418s ]
INFO: [ app_begin ] --START--
INFO: Run Behavior\ReadHtmlCacheBehavior [ RunTime:0.000598s ]
INFO: [ app_begin ] --END-- [ RunTime:0.000669s ]
SQL: SHOW COLUMNS FROM `wx_wechat` [ RunTime:0.0137s ]
SQL: SHOW COLUMNS FROM `wx_user` [ RunTime:0.0129s ]
SQL: SELECT * FROM `wx_user` WHERE `openid` = 'oaQ8auGYY-uQTtIUAFFxqnQJpjWQ' LIMIT 1   [ RunTime:0.0029s ]
SQL: SHOW COLUMNS FROM `wx_goods_category` [ RunTime:0.0118s ]
SQL: SELECT * FROM `wx_goods_category` WHERE `uid` = 29  [ RunTime:0.0022s ]

[ 2015-04-02T21:14:22+08:00 ] 127.0.0.1 /ecs_weixiao_github/ecs_weixiao/index.php?m=seller&c=index&a=index
INFO: [ app_init ] --START--
INFO: Run Behavior\BuildLiteBehavior [ RunTime:0.000014s ]
INFO: [ app_init ] --END-- [ RunTime:0.000337s ]
INFO: [ app_begin ] --START--
INFO: Run Behavior\ReadHtmlCacheBehavior [ RunTime:0.000900s ]
INFO: [ app_begin ] --END-- [ RunTime:0.001014s ]
SQL: SHOW COLUMNS FROM `wx_wechat` [ RunTime:0.0188s ]
SQL: SHOW COLUMNS FROM `wx_user` [ RunTime:0.0100s ]
SQL: SELECT * FROM `wx_user` WHERE `openid` = 'oaQ8auGYY-uQTtIUAFFxqnQJpjWQ' LIMIT 1   [ RunTime:0.0013s ]
SQL: SHOW COLUMNS FROM `wx_goods_category` [ RunTime:0.0144s ]
SQL: SELECT * FROM `wx_goods_category` WHERE `uid` = 29  [ RunTime:0.0012s ]

[ 2015-04-02T21:15:06+08:00 ] 127.0.0.1 /ecs_weixiao_github/ecs_weixiao/index.php?m=seller&c=index&a=index
INFO: [ app_init ] --START--
INFO: Run Behavior\BuildLiteBehavior [ RunTime:0.000018s ]
INFO: [ app_init ] --END-- [ RunTime:0.000443s ]
INFO: [ app_begin ] --START--
INFO: Run Behavior\ReadHtmlCacheBehavior [ RunTime:0.001627s ]
INFO: [ app_begin ] --END-- [ RunTime:0.001802s ]
SQL: SHOW COLUMNS FROM `wx_wechat` [ RunTime:0.0189s ]
SQL: SHOW COLUMNS FROM `wx_user` [ RunTime:0.0146s ]
SQL: SELECT * FROM `wx_user` WHERE `openid` = 'oaQ8auGYY-uQTtIUAFFxqnQJpjWQ' LIMIT 1   [ RunTime:0.0021s ]
INFO: [ app_end ] --START--
INFO: Run Behavior\ShowPageTraceBehavior [ RunTime:0.000910s ]
INFO: [ app_end ] --END-- [ RunTime:0.000981s ]

[ 2015-04-02T21:15:15+08:00 ] 127.0.0.1 /ecs_weixiao_github/ecs_weixiao/index.php?m=seller&c=index&a=index
INFO: [ app_init ] --START--
INFO: Run Behavior\BuildLiteBehavior [ RunTime:0.000015s ]
INFO: [ app_init ] --END-- [ RunTime:0.000340s ]
INFO: [ app_begin ] --START--
INFO: Run Behavior\ReadHtmlCacheBehavior [ RunTime:0.000477s ]
INFO: [ app_begin ] --END-- [ RunTime:0.000536s ]
SQL: SHOW COLUMNS FROM `wx_wechat` [ RunTime:0.0145s ]
SQL: SHOW COLUMNS FROM `wx_user` [ RunTime:0.0130s ]
SQL: SELECT * FROM `wx_user` WHERE `openid` = 'oaQ8auGYY-uQTtIUAFFxqnQJpjWQ' LIMIT 1   [ RunTime:0.0028s ]
SQL: SHOW COLUMNS FROM `wx_goods_category` [ RunTime:0.0147s ]
SQL: SELECT * FROM `wx_goods_category` WHERE `uid` = 29  [ RunTime:0.0014s ]
INFO: [ app_end ] --START--
INFO: Run Behavior\ShowPageTraceBehavior [ RunTime:0.000879s ]
INFO: [ app_end ] --END-- [ RunTime:0.000951s ]

[ 2015-04-02T21:15:16+08:00 ] 127.0.0.1 /ecs_weixiao_github/ecs_weixiao/index.php?m=seller&c=index&a=index
INFO: [ app_init ] --START--
INFO: Run Behavior\BuildLiteBehavior [ RunTime:0.000022s ]
INFO: [ app_init ] --END-- [ RunTime:0.000519s ]
INFO: [ app_begin ] --START--
INFO: Run Behavior\ReadHtmlCacheBehavior [ RunTime:0.000723s ]
INFO: [ app_begin ] --END-- [ RunTime:0.000817s ]
SQL: SHOW COLUMNS FROM `wx_wechat` [ RunTime:0.0093s ]
SQL: SHOW COLUMNS FROM `wx_user` [ RunTime:0.0091s ]
SQL: SELECT * FROM `wx_user` WHERE `openid` = 'oaQ8auGYY-uQTtIUAFFxqnQJpjWQ' LIMIT 1   [ RunTime:0.0007s ]
SQL: SHOW COLUMNS FROM `wx_goods_category` [ RunTime:0.0104s ]
SQL: SELECT * FROM `wx_goods_category` WHERE `uid` = 29  [ RunTime:0.0006s ]
INFO: [ app_end ] --START--
INFO: Run Behavior\ShowPageTraceBehavior [ RunTime:0.001431s ]
INFO: [ app_end ] --END-- [ RunTime:0.001553s ]

[ 2015-04-02T21:15:16+08:00 ] 127.0.0.1 /ecs_weixiao_github/ecs_weixiao/index.php?m=seller&c=index&a=index
INFO: [ app_init ] --START--
INFO: Run Behavior\BuildLiteBehavior [ RunTime:0.000032s ]
INFO: [ app_init ] --END-- [ RunTime:0.000748s ]
INFO: [ app_begin ] --START--
INFO: Run Behavior\ReadHtmlCacheBehavior [ RunTime:0.001472s ]
INFO: [ app_begin ] --END-- [ RunTime:0.001612s ]
SQL: SHOW COLUMNS FROM `wx_wechat` [ RunTime:0.0754s ]
SQL: SHOW COLUMNS FROM `wx_user` [ RunTime:0.0111s ]
SQL: SELECT * FROM `wx_user` WHERE `openid` = 'oaQ8auGYY-uQTtIUAFFxqnQJpjWQ' LIMIT 1   [ RunTime:0.0019s ]
SQL: SHOW COLUMNS FROM `wx_goods_category` [ RunTime:0.0103s ]
SQL: SELECT * FROM `wx_goods_category` WHERE `uid` = 29  [ RunTime:0.0012s ]
INFO: [ app_end ] --START--
INFO: Run Behavior\ShowPageTraceBehavior [ RunTime:0.001129s ]
INFO: [ app_end ] --END-- [ RunTime:0.001225s ]

[ 2015-04-02T21:15:16+08:00 ] 127.0.0.1 /ecs_weixiao_github/ecs_weixiao/index.php?m=seller&c=index&a=index
INFO: [ app_init ] --START--
INFO: Run Behavior\BuildLiteBehavior [ RunTime:0.000015s ]
INFO: [ app_init ] --END-- [ RunTime:0.000332s ]
INFO: [ app_begin ] --START--
INFO: Run Behavior\ReadHtmlCacheBehavior [ RunTime:0.000480s ]
INFO: [ app_begin ] --END-- [ RunTime:0.000547s ]
SQL: SHOW COLUMNS FROM `wx_wechat` [ RunTime:0.0154s ]
SQL: SHOW COLUMNS FROM `wx_user` [ RunTime:0.0140s ]
SQL: SELECT * FROM `wx_user` WHERE `openid` = 'oaQ8auGYY-uQTtIUAFFxqnQJpjWQ' LIMIT 1   [ RunTime:0.0020s ]
SQL: SHOW COLUMNS FROM `wx_goods_category` [ RunTime:0.0107s ]
SQL: SELECT * FROM `wx_goods_category` WHERE `uid` = 29  [ RunTime:0.0032s ]
INFO: [ app_end ] --START--
INFO: Run Behavior\ShowPageTraceBehavior [ RunTime:0.001211s ]
INFO: [ app_end ] --END-- [ RunTime:0.001430s ]

[ 2015-04-02T21:15:17+08:00 ] 127.0.0.1 /ecs_weixiao_github/ecs_weixiao/index.php?m=seller&c=index&a=index
INFO: [ app_init ] --START--
INFO: Run Behavior\BuildLiteBehavior [ RunTime:0.000017s ]
INFO: [ app_init ] --END-- [ RunTime:0.000390s ]
INFO: [ app_begin ] --START--
INFO: Run Behavior\ReadHtmlCacheBehavior [ RunTime:0.000855s ]
INFO: [ app_begin ] --END-- [ RunTime:0.000995s ]
SQL: SHOW COLUMNS FROM `wx_wechat` [ RunTime:0.0132s ]
SQL: SHOW COLUMNS FROM `wx_user` [ RunTime:0.0106s ]
SQL: SELECT * FROM `wx_user` WHERE `openid` = 'oaQ8auGYY-uQTtIUAFFxqnQJpjWQ' LIMIT 1   [ RunTime:0.0017s ]
SQL: SHOW COLUMNS FROM `wx_goods_category` [ RunTime:0.0100s ]
SQL: SELECT * FROM `wx_goods_category` WHERE `uid` = 29  [ RunTime:0.0015s ]
INFO: [ app_end ] --START--
INFO: Run Behavior\ShowPageTraceBehavior [ RunTime:0.000823s ]
INFO: [ app_end ] --END-- [ RunTime:0.000891s ]

[ 2015-04-02T21:15:17+08:00 ] 127.0.0.1 /ecs_weixiao_github/ecs_weixiao/index.php?m=seller&c=index&a=index
INFO: [ app_init ] --START--
INFO: Run Behavior\BuildLiteBehavior [ RunTime:0.000017s ]
INFO: [ app_init ] --END-- [ RunTime:0.000421s ]
INFO: [ app_begin ] --START--
INFO: Run Behavior\ReadHtmlCacheBehavior [ RunTime:0.000741s ]
INFO: [ app_begin ] --END-- [ RunTime:0.000896s ]
SQL: SHOW COLUMNS FROM `wx_wechat` [ RunTime:0.0134s ]
SQL: SHOW COLUMNS FROM `wx_user` [ RunTime:0.0135s ]
SQL: SELECT * FROM `wx_user` WHERE `openid` = 'oaQ8auGYY-uQTtIUAFFxqnQJpjWQ' LIMIT 1   [ RunTime:0.0008s ]
SQL: SHOW COLUMNS FROM `wx_goods_category` [ RunTime:0.0115s ]
SQL: SELECT * FROM `wx_goods_category` WHERE `uid` = 29  [ RunTime:0.0007s ]
INFO: [ app_end ] --START--
INFO: Run Behavior\ShowPageTraceBehavior [ RunTime:0.000852s ]
INFO: [ app_end ] --END-- [ RunTime:0.000923s ]

[ 2015-04-02T21:15:17+08:00 ] 127.0.0.1 /ecs_weixiao_github/ecs_weixiao/index.php?m=seller&c=index&a=index
INFO: [ app_init ] --START--
INFO: Run Behavior\BuildLiteBehavior [ RunTime:0.000015s ]
INFO: [ app_init ] --END-- [ RunTime:0.000337s ]
INFO: [ app_begin ] --START--
INFO: Run Behavior\ReadHtmlCacheBehavior [ RunTime:0.000472s ]
INFO: [ app_begin ] --END-- [ RunTime:0.000531s ]
SQL: SHOW COLUMNS FROM `wx_wechat` [ RunTime:0.0154s ]
SQL: SHOW COLUMNS FROM `wx_user` [ RunTime:0.0149s ]
SQL: SELECT * FROM `wx_user` WHERE `openid` = 'oaQ8auGYY-uQTtIUAFFxqnQJpjWQ' LIMIT 1   [ RunTime:0.0030s ]
SQL: SHOW COLUMNS FROM `wx_goods_category` [ RunTime:0.0109s ]
SQL: SELECT * FROM `wx_goods_category` WHERE `uid` = 29  [ RunTime:0.0014s ]
INFO: [ app_end ] --START--
INFO: Run Behavior\ShowPageTraceBehavior [ RunTime:0.001579s ]
INFO: [ app_end ] --END-- [ RunTime:0.001668s ]

[ 2015-04-02T21:15:17+08:00 ] 127.0.0.1 /ecs_weixiao_github/ecs_weixiao/index.php?m=seller&c=index&a=index
INFO: [ app_init ] --START--
INFO: Run Behavior\BuildLiteBehavior [ RunTime:0.000015s ]
INFO: [ app_init ] --END-- [ RunTime:0.000339s ]
INFO: [ app_begin ] --START--
INFO: Run Behavior\ReadHtmlCacheBehavior [ RunTime:0.000474s ]
INFO: [ app_begin ] --END-- [ RunTime:0.000535s ]
SQL: SHOW COLUMNS FROM `wx_wechat` [ RunTime:0.0158s ]
SQL: SHOW COLUMNS FROM `wx_user` [ RunTime:0.0136s ]
SQL: SELECT * FROM `wx_user` WHERE `openid` = 'oaQ8auGYY-uQTtIUAFFxqnQJpjWQ' LIMIT 1   [ RunTime:0.0024s ]
SQL: SHOW COLUMNS FROM `wx_goods_category` [ RunTime:0.0115s ]
SQL: SELECT * FROM `wx_goods_category` WHERE `uid` = 29  [ RunTime:0.0014s ]
INFO: [ app_end ] --START--
INFO: Run Behavior\ShowPageTraceBehavior [ RunTime:0.000920s ]
INFO: [ app_end ] --END-- [ RunTime:0.000993s ]

[ 2015-04-02T21:15:17+08:00 ] 127.0.0.1 /ecs_weixiao_github/ecs_weixiao/index.php?m=seller&c=index&a=index
INFO: [ app_init ] --START--
INFO: Run Behavior\BuildLiteBehavior [ RunTime:0.000049s ]
INFO: [ app_init ] --END-- [ RunTime:0.000817s ]
INFO: [ app_begin ] --START--
INFO: Run Behavior\ReadHtmlCacheBehavior [ RunTime:0.000881s ]
INFO: [ app_begin ] --END-- [ RunTime:0.001015s ]
SQL: SHOW COLUMNS FROM `wx_wechat` [ RunTime:0.0126s ]
SQL: SHOW COLUMNS FROM `wx_user` [ RunTime:0.0123s ]
SQL: SELECT * FROM `wx_user` WHERE `openid` = 'oaQ8auGYY-uQTtIUAFFxqnQJpjWQ' LIMIT 1   [ RunTime:0.0042s ]
SQL: SHOW COLUMNS FROM `wx_goods_category` [ RunTime:0.0125s ]
SQL: SELECT * FROM `wx_goods_category` WHERE `uid` = 29  [ RunTime:0.0032s ]
INFO: [ app_end ] --START--
INFO: Run Behavior\ShowPageTraceBehavior [ RunTime:0.000949s ]
INFO: [ app_end ] --END-- [ RunTime:0.001030s ]

[ 2015-04-02T21:15:17+08:00 ] 127.0.0.1 /ecs_weixiao_github/ecs_weixiao/index.php?m=seller&c=index&a=index
INFO: [ app_init ] --START--
INFO: Run Behavior\BuildLiteBehavior [ RunTime:0.000028s ]
INFO: [ app_init ] --END-- [ RunTime:0.000598s ]
INFO: [ app_begin ] --START--
INFO: Run Behavior\ReadHtmlCacheBehavior [ RunTime:0.001004s ]
INFO: [ app_begin ] --END-- [ RunTime:0.001123s ]
SQL: SHOW COLUMNS FROM `wx_wechat` [ RunTime:0.0158s ]
SQL: SHOW COLUMNS FROM `wx_user` [ RunTime:0.0098s ]
SQL: SELECT * FROM `wx_user` WHERE `openid` = 'oaQ8auGYY-uQTtIUAFFxqnQJpjWQ' LIMIT 1   [ RunTime:0.0015s ]
SQL: SHOW COLUMNS FROM `wx_goods_category` [ RunTime:0.0098s ]
SQL: SELECT * FROM `wx_goods_category` WHERE `uid` = 29  [ RunTime:0.0010s ]
INFO: [ app_end ] --START--
INFO: Run Behavior\ShowPageTraceBehavior [ RunTime:0.000841s ]
INFO: [ app_end ] --END-- [ RunTime:0.000913s ]

[ 2015-04-02T21:15:18+08:00 ] 127.0.0.1 /ecs_weixiao_github/ecs_weixiao/index.php?m=seller&c=index&a=index
INFO: [ app_init ] --START--
INFO: Run Behavior\BuildLiteBehavior [ RunTime:0.000016s ]
INFO: [ app_init ] --END-- [ RunTime:0.000347s ]
INFO: [ app_begin ] --START--
INFO: Run Behavior\ReadHtmlCacheBehavior [ RunTime:0.000478s ]
INFO: [ app_begin ] --END-- [ RunTime:0.000534s ]
SQL: SHOW COLUMNS FROM `wx_wechat` [ RunTime:0.0125s ]
SQL: SHOW COLUMNS FROM `wx_user` [ RunTime:0.0180s ]
SQL: SELECT * FROM `wx_user` WHERE `openid` = 'oaQ8auGYY-uQTtIUAFFxqnQJpjWQ' LIMIT 1   [ RunTime:0.0012s ]
SQL: SHOW COLUMNS FROM `wx_goods_category` [ RunTime:0.0096s ]
SQL: SELECT * FROM `wx_goods_category` WHERE `uid` = 29  [ RunTime:0.0030s ]
INFO: [ app_end ] --START--
INFO: Run Behavior\ShowPageTraceBehavior [ RunTime:0.001072s ]
INFO: [ app_end ] --END-- [ RunTime:0.001165s ]

[ 2015-04-02T21:15:22+08:00 ] 127.0.0.1 /ecs_weixiao_github/ecs_weixiao/index.php?m=seller&c=index&a=index
INFO: [ app_init ] --START--
INFO: Run Behavior\BuildLiteBehavior [ RunTime:0.000022s ]
INFO: [ app_init ] --END-- [ RunTime:0.000671s ]
INFO: [ app_begin ] --START--
INFO: Run Behavior\ReadHtmlCacheBehavior [ RunTime:0.000911s ]
INFO: [ app_begin ] --END-- [ RunTime:0.001048s ]
SQL: SHOW COLUMNS FROM `wx_wechat` [ RunTime:0.0132s ]
SQL: SHOW COLUMNS FROM `wx_user` [ RunTime:0.0121s ]
SQL: SELECT * FROM `wx_user` WHERE `openid` = 'oaQ8auGYY-uQTtIUAFFxqnQJpjWQ' LIMIT 1   [ RunTime:0.0024s ]
SQL: SHOW COLUMNS FROM `wx_goods_category` [ RunTime:0.0139s ]
SQL: SELECT * FROM `wx_goods_category` WHERE `uid` = 29  [ RunTime:0.0015s ]

[ 2015-04-02T21:16:02+08:00 ] 127.0.0.1 /ecs_weixiao_github/ecs_weixiao/index.php?m=seller&c=index&a=index
INFO: [ app_init ] --START--
INFO: Run Behavior\BuildLiteBehavior [ RunTime:0.000015s ]
INFO: [ app_init ] --END-- [ RunTime:0.000341s ]
INFO: [ app_begin ] --START--
INFO: Run Behavior\ReadHtmlCacheBehavior [ RunTime:0.000517s ]
INFO: [ app_begin ] --END-- [ RunTime:0.000577s ]
SQL: SHOW COLUMNS FROM `wx_wechat` [ RunTime:0.0140s ]
SQL: SHOW COLUMNS FROM `wx_user` [ RunTime:0.0129s ]
SQL: SELECT * FROM `wx_user` WHERE `openid` = 'oaQ8auGYY-uQTtIUAFFxqnQJpjWQ' LIMIT 1   [ RunTime:0.0018s ]
SQL: SHOW COLUMNS FROM `wx_goods_category` [ RunTime:0.0096s ]
SQL: SELECT * FROM `wx_goods_category` WHERE `uid` = 29  [ RunTime:0.0011s ]
INFO: [ view_parse ] --START--
INFO: [ template_filter ] --START--
INFO: Run Behavior\ContentReplaceBehavior [ RunTime:0.000185s ]
INFO: [ template_filter ] --END-- [ RunTime:0.000358s ]
INFO: Run Behavior\ParseTemplateBehavior [ RunTime:0.020707s ]
INFO: [ view_parse ] --END-- [ RunTime:0.020886s ]
INFO: [ view_filter ] --START--
INFO: Run Behavior\WriteHtmlCacheBehavior [ RunTime:0.000422s ]
INFO: [ view_filter ] --END-- [ RunTime:0.000482s ]
INFO: [ app_end ] --START--
INFO: Run Behavior\ShowPageTraceBehavior [ RunTime:0.001118s ]
INFO: [ app_end ] --END-- [ RunTime:0.001232s ]

[ 2015-04-02T21:21:14+08:00 ] 127.0.0.1 /ecs_weixiao_github/ecs_weixiao/index.php?m=seller&c=index&a=index
INFO: [ app_init ] --START--
INFO: Run Behavior\BuildLiteBehavior [ RunTime:0.000021s ]
INFO: [ app_init ] --END-- [ RunTime:0.000746s ]
INFO: [ app_begin ] --START--
INFO: Run Behavior\ReadHtmlCacheBehavior [ RunTime:0.001112s ]
INFO: [ app_begin ] --END-- [ RunTime:0.001234s ]
SQL: SHOW COLUMNS FROM `wx_wechat` [ RunTime:0.0155s ]
SQL: SHOW COLUMNS FROM `wx_user` [ RunTime:0.0096s ]
SQL: SELECT * FROM `wx_user` WHERE `openid` = 'oaQ8auGYY-uQTtIUAFFxqnQJpjWQ' LIMIT 1   [ RunTime:0.0020s ]
SQL: SHOW COLUMNS FROM `wx_goods_category` [ RunTime:0.0111s ]
SQL: SELECT * FROM `wx_goods_category` WHERE `uid` = 29  [ RunTime:0.0020s ]

[ 2015-04-02T21:34:36+08:00 ] 127.0.0.1 /ecs_weixiao_github/ecs_weixiao/index.php?m=seller&c=index&a=index
INFO: [ app_init ] --START--
INFO: Run Behavior\BuildLiteBehavior [ RunTime:0.000018s ]
INFO: [ app_init ] --END-- [ RunTime:0.000444s ]
INFO: [ app_begin ] --START--
INFO: Run Behavior\ReadHtmlCacheBehavior [ RunTime:0.000718s ]
INFO: [ app_begin ] --END-- [ RunTime:0.000816s ]
SQL: SHOW COLUMNS FROM `wx_wechat` [ RunTime:0.0184s ]
SQL: SHOW COLUMNS FROM `wx_user` [ RunTime:0.0104s ]
SQL: SELECT * FROM `wx_user` WHERE `openid` = 'oaQ8auGYY-uQTtIUAFFxqnQJpjWQ' LIMIT 1   [ RunTime:0.0014s ]
SQL: SHOW COLUMNS FROM `wx_goods_category` [ RunTime:0.0183s ]
SQL: SELECT * FROM `wx_goods_category` WHERE `uid` = 29  [ RunTime:0.0029s ]
INFO: [ view_parse ] --START--
INFO: [ template_filter ] --START--
INFO: Run Behavior\ContentReplaceBehavior [ RunTime:0.000125s ]
INFO: [ template_filter ] --END-- [ RunTime:0.000294s ]
INFO: Run Behavior\ParseTemplateBehavior [ RunTime:0.045411s ]
INFO: [ view_parse ] --END-- [ RunTime:0.045566s ]
INFO: [ view_filter ] --START--
INFO: Run Behavior\WriteHtmlCacheBehavior [ RunTime:0.000591s ]
INFO: [ view_filter ] --END-- [ RunTime:0.000666s ]
INFO: [ app_end ] --START--
INFO: Run Behavior\ShowPageTraceBehavior [ RunTime:0.001083s ]
INFO: [ app_end ] --END-- [ RunTime:0.001196s ]

[ 2015-04-02T21:38:04+08:00 ] 127.0.0.1 /ecs_weixiao_github/ecs_weixiao/index.php?m=seller&c=index&a=index
INFO: [ app_init ] --START--
INFO: Run Behavior\BuildLiteBehavior [ RunTime:0.000017s ]
INFO: [ app_init ] --END-- [ RunTime:0.000438s ]
INFO: [ app_begin ] --START--
INFO: Run Behavior\ReadHtmlCacheBehavior [ RunTime:0.000660s ]
INFO: [ app_begin ] --END-- [ RunTime:0.000732s ]
SQL: SHOW COLUMNS FROM `wx_wechat` [ RunTime:0.0240s ]
SQL: SHOW COLUMNS FROM `wx_user` [ RunTime:0.0274s ]
SQL: SELECT * FROM `wx_user` WHERE `openid` = 'oaQ8auGYY-uQTtIUAFFxqnQJpjWQ' LIMIT 1   [ RunTime:0.0015s ]
SQL: SHOW COLUMNS FROM `wx_goods_category` [ RunTime:0.0227s ]
SQL: SELECT * FROM `wx_goods_category` WHERE `uid` = 29  [ RunTime:0.0008s ]
INFO: [ view_parse ] --START--
INFO: [ template_filter ] --START--
INFO: Run Behavior\ContentReplaceBehavior [ RunTime:0.000118s ]
INFO: [ template_filter ] --END-- [ RunTime:0.000200s ]
INFO: Run Behavior\ParseTemplateBehavior [ RunTime:0.017316s ]
INFO: [ view_parse ] --END-- [ RunTime:0.017478s ]
INFO: [ view_filter ] --START--
INFO: Run Behavior\WriteHtmlCacheBehavior [ RunTime:0.000639s ]
INFO: [ view_filter ] --END-- [ RunTime:0.000751s ]
INFO: [ app_end ] --START--
INFO: Run Behavior\ShowPageTraceBehavior [ RunTime:0.001165s ]
INFO: [ app_end ] --END-- [ RunTime:0.001309s ]

[ 2015-04-02T21:39:13+08:00 ] 127.0.0.1 /ecs_weixiao_github/ecs_weixiao/index.php?m=seller&c=index&a=index
INFO: [ app_init ] --START--
INFO: Run Behavior\BuildLiteBehavior [ RunTime:0.000026s ]
INFO: [ app_init ] --END-- [ RunTime:0.000890s ]
INFO: [ app_begin ] --START--
INFO: Run Behavior\ReadHtmlCacheBehavior [ RunTime:0.001225s ]
INFO: [ app_begin ] --END-- [ RunTime:0.001390s ]
SQL: SHOW COLUMNS FROM `wx_wechat` [ RunTime:0.0214s ]
SQL: SHOW COLUMNS FROM `wx_user` [ RunTime:0.0160s ]
SQL: SELECT * FROM `wx_user` WHERE `openid` = 'oaQ8auGYY-uQTtIUAFFxqnQJpjWQ' LIMIT 1   [ RunTime:0.0035s ]
SQL: SHOW COLUMNS FROM `wx_goods_category` [ RunTime:0.0178s ]
SQL: SELECT * FROM `wx_goods_category` WHERE `uid` = 29  [ RunTime:0.0031s ]
INFO: [ view_parse ] --START--
INFO: [ template_filter ] --START--
INFO: Run Behavior\ContentReplaceBehavior [ RunTime:0.000174s ]
INFO: [ template_filter ] --END-- [ RunTime:0.000309s ]
INFO: Run Behavior\ParseTemplateBehavior [ RunTime:0.016831s ]
INFO: [ view_parse ] --END-- [ RunTime:0.016973s ]
INFO: [ view_filter ] --START--
INFO: Run Behavior\WriteHtmlCacheBehavior [ RunTime:0.000563s ]
INFO: [ view_filter ] --END-- [ RunTime:0.000761s ]
INFO: [ app_end ] --START--
INFO: Run Behavior\ShowPageTraceBehavior [ RunTime:0.001593s ]
INFO: [ app_end ] --END-- [ RunTime:0.001883s ]

[ 2015-04-02T21:40:36+08:00 ] 127.0.0.1 /ecs_weixiao_github/ecs_weixiao/index.php?m=seller&c=index&a=index
INFO: [ app_init ] --START--
INFO: Run Behavior\BuildLiteBehavior [ RunTime:0.000022s ]
INFO: [ app_init ] --END-- [ RunTime:0.000594s ]
INFO: [ app_begin ] --START--
INFO: Run Behavior\ReadHtmlCacheBehavior [ RunTime:0.001113s ]
INFO: [ app_begin ] --END-- [ RunTime:0.001228s ]
SQL: SHOW COLUMNS FROM `wx_wechat` [ RunTime:0.0159s ]
SQL: SHOW COLUMNS FROM `wx_user` [ RunTime:0.0100s ]
SQL: SELECT * FROM `wx_user` WHERE `openid` = 'oaQ8auGYY-uQTtIUAFFxqnQJpjWQ' LIMIT 1   [ RunTime:0.0025s ]
SQL: SHOW COLUMNS FROM `wx_goods_category` [ RunTime:0.0104s ]
SQL: SELECT * FROM `wx_goods_category` WHERE `uid` = 29  [ RunTime:0.0015s ]
INFO: [ view_parse ] --START--
INFO: [ template_filter ] --START--
INFO: Run Behavior\ContentReplaceBehavior [ RunTime:0.000192s ]
INFO: [ template_filter ] --END-- [ RunTime:0.000343s ]
INFO: Run Behavior\ParseTemplateBehavior [ RunTime:0.015622s ]
INFO: [ view_parse ] --END-- [ RunTime:0.015882s ]
INFO: [ view_filter ] --START--
INFO: Run Behavior\WriteHtmlCacheBehavior [ RunTime:0.000572s ]
INFO: [ view_filter ] --END-- [ RunTime:0.000677s ]
INFO: [ app_end ] --START--
INFO: Run Behavior\ShowPageTraceBehavior [ RunTime:0.000798s ]
INFO: [ app_end ] --END-- [ RunTime:0.000894s ]

