[ 2015-05-22T00:27:35+08:00 ] 127.0.0.1 /ecs_weixiao_github/ecs_weixiao/index.php?m=Seller&c=Index&a=liveGoodsList
INFO: [ app_init ] --START--
INFO: Run Behavior\BuildLiteBehavior [ RunTime:0.000047s ]
INFO: [ app_init ] --END-- [ RunTime:0.000620s ]
INFO: [ app_begin ] --START--
INFO: Run Behavior\ReadHtmlCacheBehavior [ RunTime:0.000918s ]
INFO: [ app_begin ] --END-- [ RunTime:0.001046s ]
SQL: SHOW COLUMNS FROM `wx_wechat` [ RunTime:0.0122s ]
SQL: SHOW COLUMNS FROM `wx_user` [ RunTime:0.0108s ]
NOTIC: D方法实例化没找到模型类Seller\Model\LiveGoodsModel
ERR: SQLSTATE[42S02]: Base table or view not found: 1146 Table 'ecs_weixiao.wx_live_goods' doesn't exist

[ 2015-05-22T00:29:36+08:00 ] 127.0.0.1 /ecs_weixiao_github/ecs_weixiao/index.php?m=Seller&c=Index&a=liveGoodsList
INFO: [ app_init ] --START--
INFO: Run Behavior\BuildLiteBehavior [ RunTime:0.000059s ]
INFO: [ app_init ] --END-- [ RunTime:0.000964s ]
INFO: [ app_begin ] --START--
INFO: Run Behavior\ReadHtmlCacheBehavior [ RunTime:0.000763s ]
INFO: [ app_begin ] --END-- [ RunTime:0.000865s ]
SQL: SHOW COLUMNS FROM `wx_wechat` [ RunTime:0.0106s ]
SQL: SHOW COLUMNS FROM `wx_user` [ RunTime:0.0098s ]
NOTIC: D方法实例化没找到模型类Seller\Model\LiveGoodsModel
ERR: SQLSTATE[42S02]: Base table or view not found: 1146 Table 'ecs_weixiao.wx_live_goods' doesn't exist

[ 2015-05-22T00:29:38+08:00 ] 127.0.0.1 /ecs_weixiao_github/ecs_weixiao/index.php?m=Seller&c=Index&a=liveGoodsList
INFO: [ app_init ] --START--
INFO: Run Behavior\BuildLiteBehavior [ RunTime:0.000028s ]
INFO: [ app_init ] --END-- [ RunTime:0.000598s ]
INFO: [ app_begin ] --START--
INFO: Run Behavior\ReadHtmlCacheBehavior [ RunTime:0.000659s ]
INFO: [ app_begin ] --END-- [ RunTime:0.000796s ]
SQL: SHOW COLUMNS FROM `wx_wechat` [ RunTime:0.0113s ]
SQL: SHOW COLUMNS FROM `wx_user` [ RunTime:0.0118s ]
NOTIC: D方法实例化没找到模型类Seller\Model\LiveGoodsModel
ERR: SQLSTATE[42S02]: Base table or view not found: 1146 Table 'ecs_weixiao.wx_live_goods' doesn't exist

[ 2015-05-22T00:30:07+08:00 ] 127.0.0.1 /ecs_weixiao_github/ecs_weixiao/index.php?m=Seller&c=Index&a=liveGoodsList
INFO: [ app_init ] --START--
INFO: Run Behavior\BuildLiteBehavior [ RunTime:0.000028s ]
INFO: [ app_init ] --END-- [ RunTime:0.000600s ]
INFO: [ app_begin ] --START--
INFO: Run Behavior\ReadHtmlCacheBehavior [ RunTime:0.000933s ]
INFO: [ app_begin ] --END-- [ RunTime:0.001038s ]
SQL: SHOW COLUMNS FROM `wx_wechat` [ RunTime:0.0157s ]
SQL: SHOW COLUMNS FROM `wx_user` [ RunTime:0.0112s ]
NOTIC: D方法实例化没找到模型类Seller\Model\LiveGoodsModel
ERR: SQLSTATE[42S02]: Base table or view not found: 1146 Table 'ecs_weixiao.wx_live_goods' doesn't exist

[ 2015-05-22T00:30:10+08:00 ] 127.0.0.1 /ecs_weixiao_github/ecs_weixiao/index.php?m=Seller&c=Index&a=liveGoodsList
INFO: [ app_init ] --START--
INFO: Run Behavior\BuildLiteBehavior [ RunTime:0.000019s ]
INFO: [ app_init ] --END-- [ RunTime:0.000587s ]
INFO: [ app_begin ] --START--
INFO: Run Behavior\ReadHtmlCacheBehavior [ RunTime:0.000619s ]
INFO: [ app_begin ] --END-- [ RunTime:0.000690s ]
SQL: SHOW COLUMNS FROM `wx_wechat` [ RunTime:0.0098s ]
SQL: SHOW COLUMNS FROM `wx_user` [ RunTime:0.0147s ]
NOTIC: D方法实例化没找到模型类Seller\Model\LiveGoodsModel
ERR: SQLSTATE[42S02]: Base table or view not found: 1146 Table 'ecs_weixiao.wx_live_goods' doesn't exist

[ 2015-05-22T00:30:30+08:00 ] 127.0.0.1 /ecs_weixiao_github/ecs_weixiao/index.php?m=Seller&c=Index&a=liveGoodsList
INFO: [ app_init ] --START--
INFO: Run Behavior\BuildLiteBehavior [ RunTime:0.000017s ]
INFO: [ app_init ] --END-- [ RunTime:0.000376s ]
INFO: [ app_begin ] --START--
INFO: Run Behavior\ReadHtmlCacheBehavior [ RunTime:0.000540s ]
INFO: [ app_begin ] --END-- [ RunTime:0.000610s ]
SQL: SHOW COLUMNS FROM `wx_wechat` [ RunTime:0.0128s ]
SQL: SHOW COLUMNS FROM `wx_user` [ RunTime:0.0108s ]
SQL: SHOW COLUMNS FROM `wx_goods_category` [ RunTime:0.0114s ]
SQL: SELECT * FROM `wx_user` WHERE `openid` = 'oaQ8auGYY-uQTtIUAFFxqnQJpjWQ' LIMIT 1   [ RunTime:0.0010s ]
INFO: [ view_parse ] --START--
INFO: [ template_filter ] --START--
INFO: Run Behavior\ContentReplaceBehavior [ RunTime:0.000265s ]
INFO: [ template_filter ] --END-- [ RunTime:0.000386s ]
INFO: Run Behavior\ParseTemplateBehavior [ RunTime:0.013078s ]
INFO: [ view_parse ] --END-- [ RunTime:0.013158s ]
INFO: [ view_filter ] --START--
INFO: Run Behavior\WriteHtmlCacheBehavior [ RunTime:0.000393s ]
INFO: [ view_filter ] --END-- [ RunTime:0.000458s ]
INFO: [ app_end ] --START--
INFO: Run Behavior\ShowPageTraceBehavior [ RunTime:0.000759s ]
INFO: [ app_end ] --END-- [ RunTime:0.000832s ]

[ 2015-05-22T00:31:02+08:00 ] 127.0.0.1 /ecs_weixiao_github/ecs_weixiao/index.php?m=Seller&c=Index&a=liveGoodsList
INFO: [ app_init ] --START--
INFO: Run Behavior\BuildLiteBehavior [ RunTime:0.000030s ]
INFO: [ app_init ] --END-- [ RunTime:0.000723s ]
INFO: [ app_begin ] --START--
INFO: Run Behavior\ReadHtmlCacheBehavior [ RunTime:0.001062s ]
INFO: [ app_begin ] --END-- [ RunTime:0.001197s ]
SQL: SHOW COLUMNS FROM `wx_wechat` [ RunTime:0.0136s ]
SQL: SHOW COLUMNS FROM `wx_user` [ RunTime:0.0176s ]
NOTIC: D方法实例化没找到模型类Seller\Model\LiveGoodsModel
ERR: SQLSTATE[42S02]: Base table or view not found: 1146 Table 'ecs_weixiao.wx_live_goods' doesn't exist

[ 2015-05-22T00:46:54+08:00 ] 127.0.0.1 /ecs_weixiao_github/ecs_weixiao/index.php?m=Seller&c=Index&a=liveGoodsList
INFO: [ app_init ] --START--
INFO: Run Behavior\BuildLiteBehavior [ RunTime:0.000324s ]
INFO: [ app_init ] --END-- [ RunTime:0.000870s ]
INFO: [ app_begin ] --START--
INFO: Run Behavior\ReadHtmlCacheBehavior [ RunTime:0.001111s ]
INFO: [ app_begin ] --END-- [ RunTime:0.001247s ]
SQL: SHOW COLUMNS FROM `wx_wechat` [ RunTime:0.0189s ]
SQL: SHOW COLUMNS FROM `wx_user` [ RunTime:0.0183s ]
NOTIC: D方法实例化没找到模型类Seller\Model\LiveGoodsModel
ERR: SQLSTATE[42S02]: Base table or view not found: 1146 Table 'ecs_weixiao.wx_live_goods' doesn't exist

[ 2015-05-22T00:49:28+08:00 ] 127.0.0.1 /ecs_weixiao_github/ecs_weixiao/index.php?m=Seller&c=Index&a=liveGoodsList
INFO: [ app_init ] --START--
INFO: Run Behavior\BuildLiteBehavior [ RunTime:0.000018s ]
INFO: [ app_init ] --END-- [ RunTime:0.000628s ]
INFO: [ app_begin ] --START--
INFO: Run Behavior\ReadHtmlCacheBehavior [ RunTime:0.000703s ]
INFO: [ app_begin ] --END-- [ RunTime:0.000773s ]
SQL: SHOW COLUMNS FROM `wx_wechat` [ RunTime:0.0107s ]
SQL: SHOW COLUMNS FROM `wx_user` [ RunTime:0.0135s ]
NOTIC: D方法实例化没找到模型类Seller\Model\LiveGoodsModel
ERR: SQLSTATE[42S02]: Base table or view not found: 1146 Table 'ecs_weixiao.wx_live_goods' doesn't exist

[ 2015-05-22T00:49:44+08:00 ] 127.0.0.1 /ecs_weixiao_github/ecs_weixiao/index.php?m=Seller&c=Index&a=liveGoodsList
INFO: [ app_init ] --START--
INFO: Run Behavior\BuildLiteBehavior [ RunTime:0.000018s ]
INFO: [ app_init ] --END-- [ RunTime:0.000401s ]
INFO: [ app_begin ] --START--
INFO: Run Behavior\ReadHtmlCacheBehavior [ RunTime:0.000888s ]
INFO: [ app_begin ] --END-- [ RunTime:0.001011s ]
SQL: SHOW COLUMNS FROM `wx_wechat` [ RunTime:0.0134s ]
SQL: SHOW COLUMNS FROM `wx_user` [ RunTime:0.0151s ]
NOTIC: D方法实例化没找到模型类Seller\Model\LiveGoodsModel
ERR: SQLSTATE[42S02]: Base table or view not found: 1146 Table 'ecs_weixiao.wx_live_goods' doesn't exist

[ 2015-05-22T00:49:46+08:00 ] 127.0.0.1 /ecs_weixiao_github/ecs_weixiao/index.php?m=Seller&c=Index&a=liveGoodsList
INFO: [ app_init ] --START--
INFO: Run Behavior\BuildLiteBehavior [ RunTime:0.000018s ]
INFO: [ app_init ] --END-- [ RunTime:0.000566s ]
INFO: [ app_begin ] --START--
INFO: Run Behavior\ReadHtmlCacheBehavior [ RunTime:0.000594s ]
INFO: [ app_begin ] --END-- [ RunTime:0.000670s ]
SQL: SHOW COLUMNS FROM `wx_wechat` [ RunTime:0.0187s ]
SQL: SHOW COLUMNS FROM `wx_user` [ RunTime:0.0206s ]
NOTIC: D方法实例化没找到模型类Seller\Model\LiveGoodsModel
ERR: SQLSTATE[42S02]: Base table or view not found: 1146 Table 'ecs_weixiao.wx_live_goods' doesn't exist

[ 2015-05-22T00:49:47+08:00 ] 127.0.0.1 /ecs_weixiao_github/ecs_weixiao/index.php?m=Seller&c=Index&a=liveGoodsList
INFO: [ app_init ] --START--
INFO: Run Behavior\BuildLiteBehavior [ RunTime:0.000018s ]
INFO: [ app_init ] --END-- [ RunTime:0.000445s ]
INFO: [ app_begin ] --START--
INFO: Run Behavior\ReadHtmlCacheBehavior [ RunTime:0.001125s ]
INFO: [ app_begin ] --END-- [ RunTime:0.001210s ]
SQL: SHOW COLUMNS FROM `wx_wechat` [ RunTime:0.0146s ]
SQL: SHOW COLUMNS FROM `wx_user` [ RunTime:0.0104s ]
NOTIC: D方法实例化没找到模型类Seller\Model\LiveGoodsModel
ERR: SQLSTATE[42S02]: Base table or view not found: 1146 Table 'ecs_weixiao.wx_live_goods' doesn't exist

[ 2015-05-22T00:49:47+08:00 ] 127.0.0.1 /ecs_weixiao_github/ecs_weixiao/index.php?m=Seller&c=Index&a=liveGoodsList
INFO: [ app_init ] --START--
INFO: Run Behavior\BuildLiteBehavior [ RunTime:0.000017s ]
INFO: [ app_init ] --END-- [ RunTime:0.000423s ]
INFO: [ app_begin ] --START--
INFO: Run Behavior\ReadHtmlCacheBehavior [ RunTime:0.001052s ]
INFO: [ app_begin ] --END-- [ RunTime:0.001215s ]
SQL: SHOW COLUMNS FROM `wx_wechat` [ RunTime:0.0143s ]
SQL: SHOW COLUMNS FROM `wx_user` [ RunTime:0.0134s ]
NOTIC: D方法实例化没找到模型类Seller\Model\LiveGoodsModel
ERR: SQLSTATE[42S02]: Base table or view not found: 1146 Table 'ecs_weixiao.wx_live_goods' doesn't exist

[ 2015-05-22T00:49:48+08:00 ] 127.0.0.1 /ecs_weixiao_github/ecs_weixiao/index.php?m=Seller&c=Index&a=liveGoodsList
INFO: [ app_init ] --START--
INFO: Run Behavior\BuildLiteBehavior [ RunTime:0.000017s ]
INFO: [ app_init ] --END-- [ RunTime:0.000466s ]
INFO: [ app_begin ] --START--
INFO: Run Behavior\ReadHtmlCacheBehavior [ RunTime:0.000943s ]
INFO: [ app_begin ] --END-- [ RunTime:0.001071s ]
SQL: SHOW COLUMNS FROM `wx_wechat` [ RunTime:0.0104s ]
SQL: SHOW COLUMNS FROM `wx_user` [ RunTime:0.0143s ]
NOTIC: D方法实例化没找到模型类Seller\Model\LiveGoodsModel
ERR: SQLSTATE[42S02]: Base table or view not found: 1146 Table 'ecs_weixiao.wx_live_goods' doesn't exist

[ 2015-05-22T00:49:48+08:00 ] 127.0.0.1 /ecs_weixiao_github/ecs_weixiao/index.php?m=Seller&c=Index&a=liveGoodsList
INFO: [ app_init ] --START--
INFO: Run Behavior\BuildLiteBehavior [ RunTime:0.000020s ]
INFO: [ app_init ] --END-- [ RunTime:0.000509s ]
INFO: [ app_begin ] --START--
INFO: Run Behavior\ReadHtmlCacheBehavior [ RunTime:0.000587s ]
INFO: [ app_begin ] --END-- [ RunTime:0.000693s ]
SQL: SHOW COLUMNS FROM `wx_wechat` [ RunTime:0.0095s ]
SQL: SHOW COLUMNS FROM `wx_user` [ RunTime:0.0108s ]
NOTIC: D方法实例化没找到模型类Seller\Model\LiveGoodsModel
ERR: SQLSTATE[42S02]: Base table or view not found: 1146 Table 'ecs_weixiao.wx_live_goods' doesn't exist

[ 2015-05-22T00:49:48+08:00 ] 127.0.0.1 /ecs_weixiao_github/ecs_weixiao/index.php?m=Seller&c=Index&a=liveGoodsList
INFO: [ app_init ] --START--
INFO: Run Behavior\BuildLiteBehavior [ RunTime:0.000018s ]
INFO: [ app_init ] --END-- [ RunTime:0.000432s ]
INFO: [ app_begin ] --START--
INFO: Run Behavior\ReadHtmlCacheBehavior [ RunTime:0.000774s ]
INFO: [ app_begin ] --END-- [ RunTime:0.000879s ]
SQL: SHOW COLUMNS FROM `wx_wechat` [ RunTime:0.0142s ]
SQL: SHOW COLUMNS FROM `wx_user` [ RunTime:0.0148s ]
NOTIC: D方法实例化没找到模型类Seller\Model\LiveGoodsModel
ERR: SQLSTATE[42S02]: Base table or view not found: 1146 Table 'ecs_weixiao.wx_live_goods' doesn't exist

[ 2015-05-22T00:49:48+08:00 ] 127.0.0.1 /ecs_weixiao_github/ecs_weixiao/index.php?m=Seller&c=Index&a=liveGoodsList
INFO: [ app_init ] --START--
INFO: Run Behavior\BuildLiteBehavior [ RunTime:0.000016s ]
INFO: [ app_init ] --END-- [ RunTime:0.000369s ]
INFO: [ app_begin ] --START--
INFO: Run Behavior\ReadHtmlCacheBehavior [ RunTime:0.000919s ]
INFO: [ app_begin ] --END-- [ RunTime:0.001137s ]
SQL: SHOW COLUMNS FROM `wx_wechat` [ RunTime:0.0111s ]
SQL: SHOW COLUMNS FROM `wx_user` [ RunTime:0.0126s ]
NOTIC: D方法实例化没找到模型类Seller\Model\LiveGoodsModel
ERR: SQLSTATE[42S02]: Base table or view not found: 1146 Table 'ecs_weixiao.wx_live_goods' doesn't exist

[ 2015-05-22T00:49:48+08:00 ] 127.0.0.1 /ecs_weixiao_github/ecs_weixiao/index.php?m=Seller&c=Index&a=liveGoodsList
INFO: [ app_init ] --START--
INFO: Run Behavior\BuildLiteBehavior [ RunTime:0.000023s ]
INFO: [ app_init ] --END-- [ RunTime:0.000566s ]
INFO: [ app_begin ] --START--
INFO: Run Behavior\ReadHtmlCacheBehavior [ RunTime:0.000701s ]
INFO: [ app_begin ] --END-- [ RunTime:0.000791s ]
SQL: SHOW COLUMNS FROM `wx_wechat` [ RunTime:0.0139s ]
SQL: SHOW COLUMNS FROM `wx_user` [ RunTime:0.0178s ]
NOTIC: D方法实例化没找到模型类Seller\Model\LiveGoodsModel
ERR: SQLSTATE[42S02]: Base table or view not found: 1146 Table 'ecs_weixiao.wx_live_goods' doesn't exist

[ 2015-05-22T00:49:48+08:00 ] 127.0.0.1 /ecs_weixiao_github/ecs_weixiao/index.php?m=Seller&c=Index&a=liveGoodsList
INFO: [ app_init ] --START--
INFO: Run Behavior\BuildLiteBehavior [ RunTime:0.000019s ]
INFO: [ app_init ] --END-- [ RunTime:0.000526s ]
INFO: [ app_begin ] --START--
INFO: Run Behavior\ReadHtmlCacheBehavior [ RunTime:0.000653s ]
INFO: [ app_begin ] --END-- [ RunTime:0.000719s ]
SQL: SHOW COLUMNS FROM `wx_wechat` [ RunTime:0.0140s ]
SQL: SHOW COLUMNS FROM `wx_user` [ RunTime:0.0118s ]
NOTIC: D方法实例化没找到模型类Seller\Model\LiveGoodsModel
ERR: SQLSTATE[42S02]: Base table or view not found: 1146 Table 'ecs_weixiao.wx_live_goods' doesn't exist

[ 2015-05-22T00:49:50+08:00 ] 127.0.0.1 /ecs_weixiao_github/ecs_weixiao/index.php?m=Seller&c=Index&a=liveGoodsList
INFO: [ app_init ] --START--
INFO: Run Behavior\BuildLiteBehavior [ RunTime:0.000037s ]
INFO: [ app_init ] --END-- [ RunTime:0.000731s ]
INFO: [ app_begin ] --START--
INFO: Run Behavior\ReadHtmlCacheBehavior [ RunTime:0.000585s ]
INFO: [ app_begin ] --END-- [ RunTime:0.000660s ]
SQL: SHOW COLUMNS FROM `wx_wechat` [ RunTime:0.0146s ]
SQL: SHOW COLUMNS FROM `wx_user` [ RunTime:0.0169s ]
NOTIC: D方法实例化没找到模型类Seller\Model\LiveGoodsModel
ERR: SQLSTATE[42S02]: Base table or view not found: 1146 Table 'ecs_weixiao.wx_live_goods' doesn't exist

[ 2015-05-22T00:49:50+08:00 ] 127.0.0.1 /ecs_weixiao_github/ecs_weixiao/index.php?m=Seller&c=Index&a=liveGoodsList
INFO: [ app_init ] --START--
INFO: Run Behavior\BuildLiteBehavior [ RunTime:0.000030s ]
INFO: [ app_init ] --END-- [ RunTime:0.000793s ]
INFO: [ app_begin ] --START--
INFO: Run Behavior\ReadHtmlCacheBehavior [ RunTime:0.000892s ]
INFO: [ app_begin ] --END-- [ RunTime:0.001019s ]
SQL: SHOW COLUMNS FROM `wx_wechat` [ RunTime:0.0131s ]
SQL: SHOW COLUMNS FROM `wx_user` [ RunTime:0.0124s ]
NOTIC: D方法实例化没找到模型类Seller\Model\LiveGoodsModel
ERR: SQLSTATE[42S02]: Base table or view not found: 1146 Table 'ecs_weixiao.wx_live_goods' doesn't exist

[ 2015-05-22T00:49:50+08:00 ] 127.0.0.1 /ecs_weixiao_github/ecs_weixiao/index.php?m=Seller&c=Index&a=liveGoodsList
INFO: [ app_init ] --START--
INFO: Run Behavior\BuildLiteBehavior [ RunTime:0.000018s ]
INFO: [ app_init ] --END-- [ RunTime:0.000428s ]
INFO: [ app_begin ] --START--
INFO: Run Behavior\ReadHtmlCacheBehavior [ RunTime:0.000587s ]
INFO: [ app_begin ] --END-- [ RunTime:0.000709s ]
SQL: SHOW COLUMNS FROM `wx_wechat` [ RunTime:0.0094s ]
SQL: SHOW COLUMNS FROM `wx_user` [ RunTime:0.0126s ]
NOTIC: D方法实例化没找到模型类Seller\Model\LiveGoodsModel
ERR: SQLSTATE[42S02]: Base table or view not found: 1146 Table 'ecs_weixiao.wx_live_goods' doesn't exist

[ 2015-05-22T00:49:51+08:00 ] 127.0.0.1 /ecs_weixiao_github/ecs_weixiao/index.php?m=Seller&c=Index&a=liveGoodsList
INFO: [ app_init ] --START--
INFO: Run Behavior\BuildLiteBehavior [ RunTime:0.000031s ]
INFO: [ app_init ] --END-- [ RunTime:0.001231s ]
INFO: [ app_begin ] --START--
INFO: Run Behavior\ReadHtmlCacheBehavior [ RunTime:0.000577s ]
INFO: [ app_begin ] --END-- [ RunTime:0.000652s ]
SQL: SHOW COLUMNS FROM `wx_wechat` [ RunTime:0.0148s ]
SQL: SHOW COLUMNS FROM `wx_user` [ RunTime:0.0135s ]
NOTIC: D方法实例化没找到模型类Seller\Model\LiveGoodsModel
ERR: SQLSTATE[42S02]: Base table or view not found: 1146 Table 'ecs_weixiao.wx_live_goods' doesn't exist

[ 2015-05-22T00:49:51+08:00 ] 127.0.0.1 /ecs_weixiao_github/ecs_weixiao/index.php?m=Seller&c=Index&a=liveGoodsList
INFO: [ app_init ] --START--
INFO: Run Behavior\BuildLiteBehavior [ RunTime:0.000026s ]
INFO: [ app_init ] --END-- [ RunTime:0.000612s ]
INFO: [ app_begin ] --START--
INFO: Run Behavior\ReadHtmlCacheBehavior [ RunTime:0.001194s ]
INFO: [ app_begin ] --END-- [ RunTime:0.001387s ]
SQL: SHOW COLUMNS FROM `wx_wechat` [ RunTime:0.0163s ]
SQL: SHOW COLUMNS FROM `wx_user` [ RunTime:0.0185s ]
NOTIC: D方法实例化没找到模型类Seller\Model\LiveGoodsModel
ERR: SQLSTATE[42S02]: Base table or view not found: 1146 Table 'ecs_weixiao.wx_live_goods' doesn't exist

[ 2015-05-22T00:49:51+08:00 ] 127.0.0.1 /ecs_weixiao_github/ecs_weixiao/index.php?m=Seller&c=Index&a=liveGoodsList
INFO: [ app_init ] --START--
INFO: Run Behavior\BuildLiteBehavior [ RunTime:0.000028s ]
INFO: [ app_init ] --END-- [ RunTime:0.000615s ]
INFO: [ app_begin ] --START--
INFO: Run Behavior\ReadHtmlCacheBehavior [ RunTime:0.000758s ]
INFO: [ app_begin ] --END-- [ RunTime:0.000855s ]
SQL: SHOW COLUMNS FROM `wx_wechat` [ RunTime:0.0112s ]
SQL: SHOW COLUMNS FROM `wx_user` [ RunTime:0.0128s ]
NOTIC: D方法实例化没找到模型类Seller\Model\LiveGoodsModel
ERR: SQLSTATE[42S02]: Base table or view not found: 1146 Table 'ecs_weixiao.wx_live_goods' doesn't exist

[ 2015-05-22T00:49:51+08:00 ] 127.0.0.1 /ecs_weixiao_github/ecs_weixiao/index.php?m=Seller&c=Index&a=liveGoodsList
INFO: [ app_init ] --START--
INFO: Run Behavior\BuildLiteBehavior [ RunTime:0.000027s ]
INFO: [ app_init ] --END-- [ RunTime:0.000627s ]
INFO: [ app_begin ] --START--
INFO: Run Behavior\ReadHtmlCacheBehavior [ RunTime:0.000988s ]
INFO: [ app_begin ] --END-- [ RunTime:0.001118s ]
SQL: SHOW COLUMNS FROM `wx_wechat` [ RunTime:0.0137s ]
SQL: SHOW COLUMNS FROM `wx_user` [ RunTime:0.0189s ]
NOTIC: D方法实例化没找到模型类Seller\Model\LiveGoodsModel
ERR: SQLSTATE[42S02]: Base table or view not found: 1146 Table 'ecs_weixiao.wx_live_goods' doesn't exist

[ 2015-05-22T00:49:51+08:00 ] 127.0.0.1 /ecs_weixiao_github/ecs_weixiao/index.php?m=Seller&c=Index&a=liveGoodsList
INFO: [ app_init ] --START--
INFO: Run Behavior\BuildLiteBehavior [ RunTime:0.000048s ]
INFO: [ app_init ] --END-- [ RunTime:0.000682s ]
INFO: [ app_begin ] --START--
INFO: Run Behavior\ReadHtmlCacheBehavior [ RunTime:0.000796s ]
INFO: [ app_begin ] --END-- [ RunTime:0.000910s ]
SQL: SHOW COLUMNS FROM `wx_wechat` [ RunTime:0.0099s ]
SQL: SHOW COLUMNS FROM `wx_user` [ RunTime:0.0107s ]
NOTIC: D方法实例化没找到模型类Seller\Model\LiveGoodsModel
ERR: SQLSTATE[42S02]: Base table or view not found: 1146 Table 'ecs_weixiao.wx_live_goods' doesn't exist

[ 2015-05-22T00:49:52+08:00 ] 127.0.0.1 /ecs_weixiao_github/ecs_weixiao/index.php?m=Seller&c=Index&a=liveGoodsList
INFO: [ app_init ] --START--
INFO: Run Behavior\BuildLiteBehavior [ RunTime:0.000019s ]
INFO: [ app_init ] --END-- [ RunTime:0.000429s ]
INFO: [ app_begin ] --START--
INFO: Run Behavior\ReadHtmlCacheBehavior [ RunTime:0.000571s ]
INFO: [ app_begin ] --END-- [ RunTime:0.000646s ]
SQL: SHOW COLUMNS FROM `wx_wechat` [ RunTime:0.0125s ]
SQL: SHOW COLUMNS FROM `wx_user` [ RunTime:0.0143s ]
NOTIC: D方法实例化没找到模型类Seller\Model\LiveGoodsModel
ERR: SQLSTATE[42S02]: Base table or view not found: 1146 Table 'ecs_weixiao.wx_live_goods' doesn't exist

[ 2015-05-22T00:49:52+08:00 ] 127.0.0.1 /ecs_weixiao_github/ecs_weixiao/index.php?m=Seller&c=Index&a=liveGoodsList
INFO: [ app_init ] --START--
INFO: Run Behavior\BuildLiteBehavior [ RunTime:0.000018s ]
INFO: [ app_init ] --END-- [ RunTime:0.000389s ]
INFO: [ app_begin ] --START--
INFO: Run Behavior\ReadHtmlCacheBehavior [ RunTime:0.000532s ]
INFO: [ app_begin ] --END-- [ RunTime:0.000645s ]
SQL: SHOW COLUMNS FROM `wx_wechat` [ RunTime:0.0102s ]
SQL: SHOW COLUMNS FROM `wx_user` [ RunTime:0.0111s ]
NOTIC: D方法实例化没找到模型类Seller\Model\LiveGoodsModel
ERR: SQLSTATE[42S02]: Base table or view not found: 1146 Table 'ecs_weixiao.wx_live_goods' doesn't exist

[ 2015-05-22T00:49:52+08:00 ] 127.0.0.1 /ecs_weixiao_github/ecs_weixiao/index.php?m=Seller&c=Index&a=liveGoodsList
INFO: [ app_init ] --START--
INFO: Run Behavior\BuildLiteBehavior [ RunTime:0.000025s ]
INFO: [ app_init ] --END-- [ RunTime:0.000597s ]
INFO: [ app_begin ] --START--
INFO: Run Behavior\ReadHtmlCacheBehavior [ RunTime:0.000736s ]
INFO: [ app_begin ] --END-- [ RunTime:0.000823s ]
SQL: SHOW COLUMNS FROM `wx_wechat` [ RunTime:0.0119s ]
SQL: SHOW COLUMNS FROM `wx_user` [ RunTime:0.0092s ]
NOTIC: D方法实例化没找到模型类Seller\Model\LiveGoodsModel
ERR: SQLSTATE[42S02]: Base table or view not found: 1146 Table 'ecs_weixiao.wx_live_goods' doesn't exist

[ 2015-05-22T00:49:54+08:00 ] 127.0.0.1 /ecs_weixiao_github/ecs_weixiao/index.php?m=Seller&c=Index&a=liveGoodsList
INFO: [ app_init ] --START--
INFO: Run Behavior\BuildLiteBehavior [ RunTime:0.000018s ]
INFO: [ app_init ] --END-- [ RunTime:0.000412s ]
INFO: [ app_begin ] --START--
INFO: Run Behavior\ReadHtmlCacheBehavior [ RunTime:0.000537s ]
INFO: [ app_begin ] --END-- [ RunTime:0.000606s ]
SQL: SHOW COLUMNS FROM `wx_wechat` [ RunTime:0.0120s ]
SQL: SHOW COLUMNS FROM `wx_user` [ RunTime:0.0116s ]
NOTIC: D方法实例化没找到模型类Seller\Model\LiveGoodsModel
ERR: SQLSTATE[42S02]: Base table or view not found: 1146 Table 'ecs_weixiao.wx_live_goods' doesn't exist

[ 2015-05-22T00:49:54+08:00 ] 127.0.0.1 /ecs_weixiao_github/ecs_weixiao/index.php?m=Seller&c=Index&a=liveGoodsList
INFO: [ app_init ] --START--
INFO: Run Behavior\BuildLiteBehavior [ RunTime:0.000017s ]
INFO: [ app_init ] --END-- [ RunTime:0.000561s ]
INFO: [ app_begin ] --START--
INFO: Run Behavior\ReadHtmlCacheBehavior [ RunTime:0.000558s ]
INFO: [ app_begin ] --END-- [ RunTime:0.000626s ]
SQL: SHOW COLUMNS FROM `wx_wechat` [ RunTime:0.0148s ]
SQL: SHOW COLUMNS FROM `wx_user` [ RunTime:0.0126s ]
NOTIC: D方法实例化没找到模型类Seller\Model\LiveGoodsModel
ERR: SQLSTATE[42S02]: Base table or view not found: 1146 Table 'ecs_weixiao.wx_live_goods' doesn't exist

[ 2015-05-22T00:49:54+08:00 ] 127.0.0.1 /ecs_weixiao_github/ecs_weixiao/index.php?m=Seller&c=Index&a=liveGoodsList
INFO: [ app_init ] --START--
INFO: Run Behavior\BuildLiteBehavior [ RunTime:0.000019s ]
INFO: [ app_init ] --END-- [ RunTime:0.000413s ]
INFO: [ app_begin ] --START--
INFO: Run Behavior\ReadHtmlCacheBehavior [ RunTime:0.000526s ]
INFO: [ app_begin ] --END-- [ RunTime:0.000590s ]
SQL: SHOW COLUMNS FROM `wx_wechat` [ RunTime:0.0174s ]
SQL: SHOW COLUMNS FROM `wx_user` [ RunTime:0.0118s ]
NOTIC: D方法实例化没找到模型类Seller\Model\LiveGoodsModel
ERR: SQLSTATE[42S02]: Base table or view not found: 1146 Table 'ecs_weixiao.wx_live_goods' doesn't exist

[ 2015-05-22T00:49:55+08:00 ] 127.0.0.1 /ecs_weixiao_github/ecs_weixiao/index.php?m=Seller&c=Index&a=liveGoodsList
INFO: [ app_init ] --START--
INFO: Run Behavior\BuildLiteBehavior [ RunTime:0.000017s ]
INFO: [ app_init ] --END-- [ RunTime:0.000413s ]
INFO: [ app_begin ] --START--
INFO: Run Behavior\ReadHtmlCacheBehavior [ RunTime:0.000530s ]
INFO: [ app_begin ] --END-- [ RunTime:0.000594s ]
SQL: SHOW COLUMNS FROM `wx_wechat` [ RunTime:0.0110s ]
SQL: SHOW COLUMNS FROM `wx_user` [ RunTime:0.0121s ]
NOTIC: D方法实例化没找到模型类Seller\Model\LiveGoodsModel
ERR: SQLSTATE[42S02]: Base table or view not found: 1146 Table 'ecs_weixiao.wx_live_goods' doesn't exist

[ 2015-05-22T00:49:55+08:00 ] 127.0.0.1 /ecs_weixiao_github/ecs_weixiao/index.php?m=Seller&c=Index&a=liveGoodsList
INFO: [ app_init ] --START--
INFO: Run Behavior\BuildLiteBehavior [ RunTime:0.000017s ]
INFO: [ app_init ] --END-- [ RunTime:0.000370s ]
INFO: [ app_begin ] --START--
INFO: Run Behavior\ReadHtmlCacheBehavior [ RunTime:0.000923s ]
INFO: [ app_begin ] --END-- [ RunTime:0.001152s ]
SQL: SHOW COLUMNS FROM `wx_wechat` [ RunTime:0.0118s ]
SQL: SHOW COLUMNS FROM `wx_user` [ RunTime:0.0132s ]
NOTIC: D方法实例化没找到模型类Seller\Model\LiveGoodsModel
ERR: SQLSTATE[42S02]: Base table or view not found: 1146 Table 'ecs_weixiao.wx_live_goods' doesn't exist

[ 2015-05-22T00:49:55+08:00 ] 127.0.0.1 /ecs_weixiao_github/ecs_weixiao/index.php?m=Seller&c=Index&a=liveGoodsList
INFO: [ app_init ] --START--
INFO: Run Behavior\BuildLiteBehavior [ RunTime:0.000016s ]
INFO: [ app_init ] --END-- [ RunTime:0.000408s ]
INFO: [ app_begin ] --START--
INFO: Run Behavior\ReadHtmlCacheBehavior [ RunTime:0.000613s ]
INFO: [ app_begin ] --END-- [ RunTime:0.000709s ]
SQL: SHOW COLUMNS FROM `wx_wechat` [ RunTime:0.0120s ]
SQL: SHOW COLUMNS FROM `wx_user` [ RunTime:0.0099s ]
NOTIC: D方法实例化没找到模型类Seller\Model\LiveGoodsModel
ERR: SQLSTATE[42S02]: Base table or view not found: 1146 Table 'ecs_weixiao.wx_live_goods' doesn't exist

[ 2015-05-22T00:50:16+08:00 ] 127.0.0.1 /ecs_weixiao_github/ecs_weixiao/index.php?m=Seller&c=Index&a=liveGoodsList
INFO: [ app_init ] --START--
INFO: Run Behavior\BuildLiteBehavior [ RunTime:0.000019s ]
INFO: [ app_init ] --END-- [ RunTime:0.000415s ]
INFO: [ app_begin ] --START--
INFO: Run Behavior\ReadHtmlCacheBehavior [ RunTime:0.000552s ]
INFO: [ app_begin ] --END-- [ RunTime:0.000624s ]
SQL: SHOW COLUMNS FROM `wx_wechat` [ RunTime:0.0123s ]
SQL: SHOW COLUMNS FROM `wx_user` [ RunTime:0.0113s ]
NOTIC: D方法实例化没找到模型类Seller\Model\GoodsModel
SQL: SHOW COLUMNS FROM `wx_goods` [ RunTime:0.0756s ]
SQL: SHOW COLUMNS FROM `wx_goods_category` [ RunTime:0.0162s ]
SQL: SELECT * FROM `wx_user` WHERE `openid` = 'oaQ8auGYY-uQTtIUAFFxqnQJpjWQ' LIMIT 1   [ RunTime:0.0027s ]
INFO: [ view_parse ] --START--
INFO: [ template_filter ] --START--
INFO: Run Behavior\ContentReplaceBehavior [ RunTime:0.000210s ]
INFO: [ template_filter ] --END-- [ RunTime:0.000336s ]
INFO: Run Behavior\ParseTemplateBehavior [ RunTime:0.012224s ]
INFO: [ view_parse ] --END-- [ RunTime:0.012335s ]
INFO: [ view_filter ] --START--
INFO: Run Behavior\WriteHtmlCacheBehavior [ RunTime:0.000472s ]
INFO: [ view_filter ] --END-- [ RunTime:0.000549s ]
INFO: [ app_end ] --START--
INFO: Run Behavior\ShowPageTraceBehavior [ RunTime:0.000861s ]
INFO: [ app_end ] --END-- [ RunTime:0.000972s ]

[ 2015-05-22T00:51:32+08:00 ] 127.0.0.1 /ecs_weixiao_github/ecs_weixiao/index.php?m=Seller&c=Index&a=liveGoodsList
INFO: [ app_init ] --START--
INFO: Run Behavior\BuildLiteBehavior [ RunTime:0.000018s ]
INFO: [ app_init ] --END-- [ RunTime:0.000604s ]
INFO: [ app_begin ] --START--
INFO: Run Behavior\ReadHtmlCacheBehavior [ RunTime:0.000709s ]
INFO: [ app_begin ] --END-- [ RunTime:0.000784s ]
SQL: SHOW COLUMNS FROM `wx_wechat` [ RunTime:0.0105s ]
SQL: SHOW COLUMNS FROM `wx_user` [ RunTime:0.0145s ]
NOTIC: D方法实例化没找到模型类Seller\Model\LiveGoodsModel
ERR: SQLSTATE[42S02]: Base table or view not found: 1146 Table 'ecs_weixiao.wx_live_goods' doesn't exist

[ 2015-05-22T01:04:17+08:00 ] 127.0.0.1 /ecs_weixiao_github/ecs_weixiao/index.php?m=Seller&c=Index&a=liveGoodsList
INFO: [ app_init ] --START--
INFO: Run Behavior\BuildLiteBehavior [ RunTime:0.000027s ]
INFO: [ app_init ] --END-- [ RunTime:0.001141s ]
INFO: [ app_begin ] --START--
INFO: Run Behavior\ReadHtmlCacheBehavior [ RunTime:0.001843s ]
INFO: [ app_begin ] --END-- [ RunTime:0.002307s ]
SQL: SHOW COLUMNS FROM `wx_wechat` [ RunTime:0.0108s ]
SQL: SHOW COLUMNS FROM `wx_user` [ RunTime:0.0123s ]
NOTIC: D方法实例化没找到模型类Seller\Model\GoodsModel
SQL: SHOW COLUMNS FROM `wx_goods` [ RunTime:0.0175s ]
SQL: SHOW COLUMNS FROM `wx_goods_category` [ RunTime:0.0102s ]
SQL: SELECT * FROM `wx_user` WHERE `openid` = 'oaQ8auGYY-uQTtIUAFFxqnQJpjWQ' LIMIT 1   [ RunTime:0.0015s ]
NOTIC: [8] Undefined variable: liveGoodsModel D:\ApmServ\APMServ5.2.6\www\htdocs\ecs_weixiao_github\ecs_weixiao\Application\Seller\Controller\IndexController.class.php 第 202 行.

[ 2015-05-22T01:05:07+08:00 ] 127.0.0.1 /ecs_weixiao_github/ecs_weixiao/index.php?m=Seller&c=Index&a=liveGoodsList
INFO: [ app_init ] --START--
INFO: Run Behavior\BuildLiteBehavior [ RunTime:0.000032s ]
INFO: [ app_init ] --END-- [ RunTime:0.000879s ]
INFO: [ app_begin ] --START--
INFO: Run Behavior\ReadHtmlCacheBehavior [ RunTime:0.001279s ]
INFO: [ app_begin ] --END-- [ RunTime:0.001503s ]
SQL: SHOW COLUMNS FROM `wx_wechat` [ RunTime:0.0118s ]
SQL: SHOW COLUMNS FROM `wx_user` [ RunTime:0.0121s ]
NOTIC: D方法实例化没找到模型类Seller\Model\GoodsModel
SQL: SHOW COLUMNS FROM `wx_goods` [ RunTime:0.0101s ]
SQL: SHOW COLUMNS FROM `wx_goods_category` [ RunTime:0.0115s ]
SQL: SELECT * FROM `wx_user` WHERE `openid` = 'oaQ8auGYY-uQTtIUAFFxqnQJpjWQ' LIMIT 1   [ RunTime:0.0027s ]
NOTIC: [8] Undefined variable: liveGoodsModel D:\ApmServ\APMServ5.2.6\www\htdocs\ecs_weixiao_github\ecs_weixiao\Application\Seller\Controller\IndexController.class.php 第 202 行.

[ 2015-05-22T01:07:23+08:00 ] 127.0.0.1 /ecs_weixiao_github/ecs_weixiao/index.php?m=Seller&c=Index&a=liveGoodsList
INFO: [ app_init ] --START--
INFO: Run Behavior\BuildLiteBehavior [ RunTime:0.000042s ]
INFO: [ app_init ] --END-- [ RunTime:0.000596s ]
INFO: [ app_begin ] --START--
INFO: Run Behavior\ReadHtmlCacheBehavior [ RunTime:0.000840s ]
INFO: [ app_begin ] --END-- [ RunTime:0.000933s ]
SQL: SHOW COLUMNS FROM `wx_wechat` [ RunTime:0.0159s ]
SQL: SHOW COLUMNS FROM `wx_user` [ RunTime:0.0121s ]
NOTIC: D方法实例化没找到模型类Seller\Model\GoodsModel
SQL: SHOW COLUMNS FROM `wx_goods` [ RunTime:0.0119s ]
SQL: SHOW COLUMNS FROM `wx_goods_category` [ RunTime:0.0155s ]
SQL: SELECT * FROM `wx_user` WHERE `openid` = 'oaQ8auGYY-uQTtIUAFFxqnQJpjWQ' LIMIT 1   [ RunTime:0.0065s ]
NOTIC: [8] Undefined variable: liveGoodsModel D:\ApmServ\APMServ5.2.6\www\htdocs\ecs_weixiao_github\ecs_weixiao\Application\Seller\Controller\IndexController.class.php 第 202 行.

[ 2015-05-22T01:07:24+08:00 ] 127.0.0.1 /ecs_weixiao_github/ecs_weixiao/index.php?m=Seller&c=Index&a=liveGoodsList
INFO: [ app_init ] --START--
INFO: Run Behavior\BuildLiteBehavior [ RunTime:0.000017s ]
INFO: [ app_init ] --END-- [ RunTime:0.000439s ]
INFO: [ app_begin ] --START--
INFO: Run Behavior\ReadHtmlCacheBehavior [ RunTime:0.000732s ]
INFO: [ app_begin ] --END-- [ RunTime:0.000810s ]
SQL: SHOW COLUMNS FROM `wx_wechat` [ RunTime:0.0168s ]
SQL: SHOW COLUMNS FROM `wx_user` [ RunTime:0.0157s ]
NOTIC: D方法实例化没找到模型类Seller\Model\GoodsModel
SQL: SHOW COLUMNS FROM `wx_goods` [ RunTime:0.0141s ]
SQL: SHOW COLUMNS FROM `wx_goods_category` [ RunTime:0.0121s ]
SQL: SELECT * FROM `wx_user` WHERE `openid` = 'oaQ8auGYY-uQTtIUAFFxqnQJpjWQ' LIMIT 1   [ RunTime:0.0012s ]
NOTIC: [8] Undefined variable: liveGoodsModel D:\ApmServ\APMServ5.2.6\www\htdocs\ecs_weixiao_github\ecs_weixiao\Application\Seller\Controller\IndexController.class.php 第 202 行.

[ 2015-05-22T01:07:25+08:00 ] 127.0.0.1 /ecs_weixiao_github/ecs_weixiao/index.php?m=Seller&c=Index&a=liveGoodsList
INFO: [ app_init ] --START--
INFO: Run Behavior\BuildLiteBehavior [ RunTime:0.000130s ]
INFO: [ app_init ] --END-- [ RunTime:0.001463s ]
INFO: [ app_begin ] --START--
INFO: Run Behavior\ReadHtmlCacheBehavior [ RunTime:0.000951s ]
INFO: [ app_begin ] --END-- [ RunTime:0.001091s ]
SQL: SHOW COLUMNS FROM `wx_wechat` [ RunTime:0.0128s ]
SQL: SHOW COLUMNS FROM `wx_user` [ RunTime:0.0103s ]
NOTIC: D方法实例化没找到模型类Seller\Model\GoodsModel
SQL: SHOW COLUMNS FROM `wx_goods` [ RunTime:0.0092s ]
SQL: SHOW COLUMNS FROM `wx_goods_category` [ RunTime:0.0099s ]
SQL: SELECT * FROM `wx_user` WHERE `openid` = 'oaQ8auGYY-uQTtIUAFFxqnQJpjWQ' LIMIT 1   [ RunTime:0.0009s ]
NOTIC: [8] Undefined variable: liveGoodsModel D:\ApmServ\APMServ5.2.6\www\htdocs\ecs_weixiao_github\ecs_weixiao\Application\Seller\Controller\IndexController.class.php 第 202 行.

[ 2015-05-22T01:07:25+08:00 ] 127.0.0.1 /ecs_weixiao_github/ecs_weixiao/index.php?m=Seller&c=Index&a=liveGoodsList
INFO: [ app_init ] --START--
INFO: Run Behavior\BuildLiteBehavior [ RunTime:0.000063s ]
INFO: [ app_init ] --END-- [ RunTime:0.001159s ]
INFO: [ app_begin ] --START--
INFO: Run Behavior\ReadHtmlCacheBehavior [ RunTime:0.000585s ]
INFO: [ app_begin ] --END-- [ RunTime:0.000662s ]
SQL: SHOW COLUMNS FROM `wx_wechat` [ RunTime:0.0105s ]
SQL: SHOW COLUMNS FROM `wx_user` [ RunTime:0.0109s ]
NOTIC: D方法实例化没找到模型类Seller\Model\GoodsModel
SQL: SHOW COLUMNS FROM `wx_goods` [ RunTime:0.0112s ]
SQL: SHOW COLUMNS FROM `wx_goods_category` [ RunTime:0.0090s ]
SQL: SELECT * FROM `wx_user` WHERE `openid` = 'oaQ8auGYY-uQTtIUAFFxqnQJpjWQ' LIMIT 1   [ RunTime:0.0010s ]
NOTIC: [8] Undefined variable: liveGoodsModel D:\ApmServ\APMServ5.2.6\www\htdocs\ecs_weixiao_github\ecs_weixiao\Application\Seller\Controller\IndexController.class.php 第 202 行.

[ 2015-05-22T01:07:25+08:00 ] 127.0.0.1 /ecs_weixiao_github/ecs_weixiao/index.php?m=Seller&c=Index&a=liveGoodsList
INFO: [ app_init ] --START--
INFO: Run Behavior\BuildLiteBehavior [ RunTime:0.000029s ]
INFO: [ app_init ] --END-- [ RunTime:0.000659s ]
INFO: [ app_begin ] --START--
INFO: Run Behavior\ReadHtmlCacheBehavior [ RunTime:0.001369s ]
INFO: [ app_begin ] --END-- [ RunTime:0.001677s ]
SQL: SHOW COLUMNS FROM `wx_wechat` [ RunTime:0.0185s ]
SQL: SHOW COLUMNS FROM `wx_user` [ RunTime:0.0248s ]
NOTIC: D方法实例化没找到模型类Seller\Model\GoodsModel
SQL: SHOW COLUMNS FROM `wx_goods` [ RunTime:0.0146s ]
SQL: SHOW COLUMNS FROM `wx_goods_category` [ RunTime:0.0177s ]
SQL: SELECT * FROM `wx_user` WHERE `openid` = 'oaQ8auGYY-uQTtIUAFFxqnQJpjWQ' LIMIT 1   [ RunTime:0.0038s ]
NOTIC: [8] Undefined variable: liveGoodsModel D:\ApmServ\APMServ5.2.6\www\htdocs\ecs_weixiao_github\ecs_weixiao\Application\Seller\Controller\IndexController.class.php 第 202 行.

[ 2015-05-22T01:07:25+08:00 ] 127.0.0.1 /ecs_weixiao_github/ecs_weixiao/index.php?m=Seller&c=Index&a=liveGoodsList
INFO: [ app_init ] --START--
INFO: Run Behavior\BuildLiteBehavior [ RunTime:0.000016s ]
INFO: [ app_init ] --END-- [ RunTime:0.000408s ]
INFO: [ app_begin ] --START--
INFO: Run Behavior\ReadHtmlCacheBehavior [ RunTime:0.000644s ]
INFO: [ app_begin ] --END-- [ RunTime:0.000709s ]
SQL: SHOW COLUMNS FROM `wx_wechat` [ RunTime:0.0127s ]
SQL: SHOW COLUMNS FROM `wx_user` [ RunTime:0.0106s ]
NOTIC: D方法实例化没找到模型类Seller\Model\GoodsModel
SQL: SHOW COLUMNS FROM `wx_goods` [ RunTime:0.0111s ]
SQL: SHOW COLUMNS FROM `wx_goods_category` [ RunTime:0.0123s ]
SQL: SELECT * FROM `wx_user` WHERE `openid` = 'oaQ8auGYY-uQTtIUAFFxqnQJpjWQ' LIMIT 1   [ RunTime:0.0046s ]
NOTIC: [8] Undefined variable: liveGoodsModel D:\ApmServ\APMServ5.2.6\www\htdocs\ecs_weixiao_github\ecs_weixiao\Application\Seller\Controller\IndexController.class.php 第 202 行.

[ 2015-05-22T01:07:26+08:00 ] 127.0.0.1 /ecs_weixiao_github/ecs_weixiao/index.php?m=Seller&c=Index&a=liveGoodsList
INFO: [ app_init ] --START--
INFO: Run Behavior\BuildLiteBehavior [ RunTime:0.000029s ]
INFO: [ app_init ] --END-- [ RunTime:0.000660s ]
INFO: [ app_begin ] --START--
INFO: Run Behavior\ReadHtmlCacheBehavior [ RunTime:0.000917s ]
INFO: [ app_begin ] --END-- [ RunTime:0.001051s ]
SQL: SHOW COLUMNS FROM `wx_wechat` [ RunTime:0.0120s ]
SQL: SHOW COLUMNS FROM `wx_user` [ RunTime:0.0106s ]
NOTIC: D方法实例化没找到模型类Seller\Model\GoodsModel
SQL: SHOW COLUMNS FROM `wx_goods` [ RunTime:0.0114s ]
SQL: SHOW COLUMNS FROM `wx_goods_category` [ RunTime:0.0709s ]
SQL: SELECT * FROM `wx_user` WHERE `openid` = 'oaQ8auGYY-uQTtIUAFFxqnQJpjWQ' LIMIT 1   [ RunTime:0.0007s ]
NOTIC: [8] Undefined variable: liveGoodsModel D:\ApmServ\APMServ5.2.6\www\htdocs\ecs_weixiao_github\ecs_weixiao\Application\Seller\Controller\IndexController.class.php 第 202 行.

[ 2015-05-22T01:07:26+08:00 ] 127.0.0.1 /ecs_weixiao_github/ecs_weixiao/index.php?m=Seller&c=Index&a=liveGoodsList
INFO: [ app_init ] --START--
INFO: Run Behavior\BuildLiteBehavior [ RunTime:0.000019s ]
INFO: [ app_init ] --END-- [ RunTime:0.000414s ]
INFO: [ app_begin ] --START--
INFO: Run Behavior\ReadHtmlCacheBehavior [ RunTime:0.000841s ]
INFO: [ app_begin ] --END-- [ RunTime:0.000957s ]
SQL: SHOW COLUMNS FROM `wx_wechat` [ RunTime:0.0104s ]
SQL: SHOW COLUMNS FROM `wx_user` [ RunTime:0.0184s ]
NOTIC: D方法实例化没找到模型类Seller\Model\GoodsModel
SQL: SHOW COLUMNS FROM `wx_goods` [ RunTime:0.0130s ]
SQL: SHOW COLUMNS FROM `wx_goods_category` [ RunTime:0.0107s ]
SQL: SELECT * FROM `wx_user` WHERE `openid` = 'oaQ8auGYY-uQTtIUAFFxqnQJpjWQ' LIMIT 1   [ RunTime:0.0020s ]
NOTIC: [8] Undefined variable: liveGoodsModel D:\ApmServ\APMServ5.2.6\www\htdocs\ecs_weixiao_github\ecs_weixiao\Application\Seller\Controller\IndexController.class.php 第 202 行.

[ 2015-05-22T01:07:26+08:00 ] 127.0.0.1 /ecs_weixiao_github/ecs_weixiao/index.php?m=Seller&c=Index&a=liveGoodsList
INFO: [ app_init ] --START--
INFO: Run Behavior\BuildLiteBehavior [ RunTime:0.000038s ]
INFO: [ app_init ] --END-- [ RunTime:0.000709s ]
INFO: [ app_begin ] --START--
INFO: Run Behavior\ReadHtmlCacheBehavior [ RunTime:0.000774s ]
INFO: [ app_begin ] --END-- [ RunTime:0.000890s ]
SQL: SHOW COLUMNS FROM `wx_wechat` [ RunTime:0.0142s ]
SQL: SHOW COLUMNS FROM `wx_user` [ RunTime:0.0127s ]
NOTIC: D方法实例化没找到模型类Seller\Model\GoodsModel
SQL: SHOW COLUMNS FROM `wx_goods` [ RunTime:0.0099s ]
SQL: SHOW COLUMNS FROM `wx_goods_category` [ RunTime:0.0088s ]
SQL: SELECT * FROM `wx_user` WHERE `openid` = 'oaQ8auGYY-uQTtIUAFFxqnQJpjWQ' LIMIT 1   [ RunTime:0.0020s ]
NOTIC: [8] Undefined variable: liveGoodsModel D:\ApmServ\APMServ5.2.6\www\htdocs\ecs_weixiao_github\ecs_weixiao\Application\Seller\Controller\IndexController.class.php 第 202 行.

[ 2015-05-22T01:07:26+08:00 ] 127.0.0.1 /ecs_weixiao_github/ecs_weixiao/index.php?m=Seller&c=Index&a=liveGoodsList
INFO: [ app_init ] --START--
INFO: Run Behavior\BuildLiteBehavior [ RunTime:0.000049s ]
INFO: [ app_init ] --END-- [ RunTime:0.000978s ]
INFO: [ app_begin ] --START--
INFO: Run Behavior\ReadHtmlCacheBehavior [ RunTime:0.001117s ]
INFO: [ app_begin ] --END-- [ RunTime:0.001264s ]
SQL: SHOW COLUMNS FROM `wx_wechat` [ RunTime:0.0159s ]
SQL: SHOW COLUMNS FROM `wx_user` [ RunTime:0.0316s ]
NOTIC: D方法实例化没找到模型类Seller\Model\GoodsModel
SQL: SHOW COLUMNS FROM `wx_goods` [ RunTime:0.0184s ]
SQL: SHOW COLUMNS FROM `wx_goods_category` [ RunTime:0.0135s ]
SQL: SELECT * FROM `wx_user` WHERE `openid` = 'oaQ8auGYY-uQTtIUAFFxqnQJpjWQ' LIMIT 1   [ RunTime:0.0012s ]
NOTIC: [8] Undefined variable: liveGoodsModel D:\ApmServ\APMServ5.2.6\www\htdocs\ecs_weixiao_github\ecs_weixiao\Application\Seller\Controller\IndexController.class.php 第 202 行.

[ 2015-05-22T01:07:26+08:00 ] 127.0.0.1 /ecs_weixiao_github/ecs_weixiao/index.php?m=Seller&c=Index&a=liveGoodsList
INFO: [ app_init ] --START--
INFO: Run Behavior\BuildLiteBehavior [ RunTime:0.000027s ]
INFO: [ app_init ] --END-- [ RunTime:0.000559s ]
INFO: [ app_begin ] --START--
INFO: Run Behavior\ReadHtmlCacheBehavior [ RunTime:0.000998s ]
INFO: [ app_begin ] --END-- [ RunTime:0.001123s ]
SQL: SHOW COLUMNS FROM `wx_wechat` [ RunTime:0.0124s ]
SQL: SHOW COLUMNS FROM `wx_user` [ RunTime:0.0106s ]
NOTIC: D方法实例化没找到模型类Seller\Model\GoodsModel
SQL: SHOW COLUMNS FROM `wx_goods` [ RunTime:0.0140s ]
SQL: SHOW COLUMNS FROM `wx_goods_category` [ RunTime:0.0086s ]
SQL: SELECT * FROM `wx_user` WHERE `openid` = 'oaQ8auGYY-uQTtIUAFFxqnQJpjWQ' LIMIT 1   [ RunTime:0.0016s ]
NOTIC: [8] Undefined variable: liveGoodsModel D:\ApmServ\APMServ5.2.6\www\htdocs\ecs_weixiao_github\ecs_weixiao\Application\Seller\Controller\IndexController.class.php 第 202 行.

[ 2015-05-22T01:07:27+08:00 ] 127.0.0.1 /ecs_weixiao_github/ecs_weixiao/index.php?m=Seller&c=Index&a=liveGoodsList
INFO: [ app_init ] --START--
INFO: Run Behavior\BuildLiteBehavior [ RunTime:0.000025s ]
INFO: [ app_init ] --END-- [ RunTime:0.000576s ]
INFO: [ app_begin ] --START--
INFO: Run Behavior\ReadHtmlCacheBehavior [ RunTime:0.001149s ]
INFO: [ app_begin ] --END-- [ RunTime:0.001311s ]
SQL: SHOW COLUMNS FROM `wx_wechat` [ RunTime:0.0153s ]
SQL: SHOW COLUMNS FROM `wx_user` [ RunTime:0.0203s ]
NOTIC: D方法实例化没找到模型类Seller\Model\GoodsModel
SQL: SHOW COLUMNS FROM `wx_goods` [ RunTime:0.0186s ]
SQL: SHOW COLUMNS FROM `wx_goods_category` [ RunTime:0.0140s ]
SQL: SELECT * FROM `wx_user` WHERE `openid` = 'oaQ8auGYY-uQTtIUAFFxqnQJpjWQ' LIMIT 1   [ RunTime:0.0041s ]
NOTIC: [8] Undefined variable: liveGoodsModel D:\ApmServ\APMServ5.2.6\www\htdocs\ecs_weixiao_github\ecs_weixiao\Application\Seller\Controller\IndexController.class.php 第 202 行.

[ 2015-05-22T01:07:27+08:00 ] 127.0.0.1 /ecs_weixiao_github/ecs_weixiao/index.php?m=Seller&c=Index&a=liveGoodsList
INFO: [ app_init ] --START--
INFO: Run Behavior\BuildLiteBehavior [ RunTime:0.000026s ]
INFO: [ app_init ] --END-- [ RunTime:0.000517s ]
INFO: [ app_begin ] --START--
INFO: Run Behavior\ReadHtmlCacheBehavior [ RunTime:0.000955s ]
INFO: [ app_begin ] --END-- [ RunTime:0.001091s ]
SQL: SHOW COLUMNS FROM `wx_wechat` [ RunTime:0.0155s ]
SQL: SHOW COLUMNS FROM `wx_user` [ RunTime:0.0106s ]
NOTIC: D方法实例化没找到模型类Seller\Model\GoodsModel
SQL: SHOW COLUMNS FROM `wx_goods` [ RunTime:0.0151s ]
SQL: SHOW COLUMNS FROM `wx_goods_category` [ RunTime:0.0133s ]
SQL: SELECT * FROM `wx_user` WHERE `openid` = 'oaQ8auGYY-uQTtIUAFFxqnQJpjWQ' LIMIT 1   [ RunTime:0.0025s ]
NOTIC: [8] Undefined variable: liveGoodsModel D:\ApmServ\APMServ5.2.6\www\htdocs\ecs_weixiao_github\ecs_weixiao\Application\Seller\Controller\IndexController.class.php 第 202 行.

[ 2015-05-22T01:07:27+08:00 ] 127.0.0.1 /ecs_weixiao_github/ecs_weixiao/index.php?m=Seller&c=Index&a=liveGoodsList
INFO: [ app_init ] --START--
INFO: Run Behavior\BuildLiteBehavior [ RunTime:0.000019s ]
INFO: [ app_init ] --END-- [ RunTime:0.000419s ]
INFO: [ app_begin ] --START--
INFO: Run Behavior\ReadHtmlCacheBehavior [ RunTime:0.000605s ]
INFO: [ app_begin ] --END-- [ RunTime:0.000684s ]
SQL: SHOW COLUMNS FROM `wx_wechat` [ RunTime:0.0146s ]
SQL: SHOW COLUMNS FROM `wx_user` [ RunTime:0.0126s ]
NOTIC: D方法实例化没找到模型类Seller\Model\GoodsModel
SQL: SHOW COLUMNS FROM `wx_goods` [ RunTime:0.0109s ]
SQL: SHOW COLUMNS FROM `wx_goods_category` [ RunTime:0.0125s ]
SQL: SELECT * FROM `wx_user` WHERE `openid` = 'oaQ8auGYY-uQTtIUAFFxqnQJpjWQ' LIMIT 1   [ RunTime:0.0032s ]
NOTIC: [8] Undefined variable: liveGoodsModel D:\ApmServ\APMServ5.2.6\www\htdocs\ecs_weixiao_github\ecs_weixiao\Application\Seller\Controller\IndexController.class.php 第 202 行.

[ 2015-05-22T01:08:44+08:00 ] 127.0.0.1 /ecs_weixiao_github/ecs_weixiao/index.php?m=Seller&c=Index&a=liveGoodsList
INFO: [ app_init ] --START--
INFO: Run Behavior\BuildLiteBehavior [ RunTime:0.000018s ]
INFO: [ app_init ] --END-- [ RunTime:0.000446s ]
INFO: [ app_begin ] --START--
INFO: Run Behavior\ReadHtmlCacheBehavior [ RunTime:0.000783s ]
INFO: [ app_begin ] --END-- [ RunTime:0.000882s ]
SQL: SHOW COLUMNS FROM `wx_wechat` [ RunTime:0.0136s ]
SQL: SHOW COLUMNS FROM `wx_user` [ RunTime:0.0107s ]
NOTIC: D方法实例化没找到模型类Seller\Model\GoodsModel
SQL: SHOW COLUMNS FROM `wx_goods` [ RunTime:0.0130s ]
SQL: SHOW COLUMNS FROM `wx_goods_category` [ RunTime:0.0123s ]
SQL: SELECT * FROM `wx_user` WHERE `openid` = 'oaQ8auGYY-uQTtIUAFFxqnQJpjWQ' LIMIT 1   [ RunTime:0.0027s ]
NOTIC: [8] Undefined variable: goodsModel D:\ApmServ\APMServ5.2.6\www\htdocs\ecs_weixiao_github\ecs_weixiao\Application\Seller\Controller\IndexController.class.php 第 202 行.

[ 2015-05-22T01:08:45+08:00 ] 127.0.0.1 /ecs_weixiao_github/ecs_weixiao/index.php?m=Seller&c=Index&a=liveGoodsList
INFO: [ app_init ] --START--
INFO: Run Behavior\BuildLiteBehavior [ RunTime:0.000032s ]
INFO: [ app_init ] --END-- [ RunTime:0.000839s ]
INFO: [ app_begin ] --START--
INFO: Run Behavior\ReadHtmlCacheBehavior [ RunTime:0.000885s ]
INFO: [ app_begin ] --END-- [ RunTime:0.001004s ]
SQL: SHOW COLUMNS FROM `wx_wechat` [ RunTime:0.0181s ]
SQL: SHOW COLUMNS FROM `wx_user` [ RunTime:0.0132s ]
NOTIC: D方法实例化没找到模型类Seller\Model\GoodsModel
SQL: SHOW COLUMNS FROM `wx_goods` [ RunTime:0.0156s ]
SQL: SHOW COLUMNS FROM `wx_goods_category` [ RunTime:0.0179s ]
SQL: SELECT * FROM `wx_user` WHERE `openid` = 'oaQ8auGYY-uQTtIUAFFxqnQJpjWQ' LIMIT 1   [ RunTime:0.0028s ]
NOTIC: [8] Undefined variable: goodsModel D:\ApmServ\APMServ5.2.6\www\htdocs\ecs_weixiao_github\ecs_weixiao\Application\Seller\Controller\IndexController.class.php 第 202 行.

[ 2015-05-22T01:09:00+08:00 ] 127.0.0.1 /ecs_weixiao_github/ecs_weixiao/index.php?m=Seller&c=Index&a=liveGoodsList
INFO: [ app_init ] --START--
INFO: Run Behavior\BuildLiteBehavior [ RunTime:0.000018s ]
INFO: [ app_init ] --END-- [ RunTime:0.000444s ]
INFO: [ app_begin ] --START--
INFO: Run Behavior\ReadHtmlCacheBehavior [ RunTime:0.000645s ]
INFO: [ app_begin ] --END-- [ RunTime:0.000729s ]
SQL: SHOW COLUMNS FROM `wx_wechat` [ RunTime:0.0128s ]
SQL: SHOW COLUMNS FROM `wx_user` [ RunTime:0.0116s ]
NOTIC: D方法实例化没找到模型类Seller\Model\GoodsModel
SQL: SHOW COLUMNS FROM `wx_goods` [ RunTime:0.0103s ]
SQL: SHOW COLUMNS FROM `wx_goods_category` [ RunTime:0.0106s ]
SQL: SELECT * FROM `wx_user` WHERE `openid` = 'oaQ8auGYY-uQTtIUAFFxqnQJpjWQ' LIMIT 1   [ RunTime:0.0013s ]

[ 2015-05-22T01:09:01+08:00 ] 127.0.0.1 /ecs_weixiao_github/ecs_weixiao/index.php?m=Seller&c=Index&a=liveGoodsList
INFO: [ app_init ] --START--
INFO: Run Behavior\BuildLiteBehavior [ RunTime:0.000017s ]
INFO: [ app_init ] --END-- [ RunTime:0.000491s ]
INFO: [ app_begin ] --START--
INFO: Run Behavior\ReadHtmlCacheBehavior [ RunTime:0.000555s ]
INFO: [ app_begin ] --END-- [ RunTime:0.000629s ]
SQL: SHOW COLUMNS FROM `wx_wechat` [ RunTime:0.0141s ]
SQL: SHOW COLUMNS FROM `wx_user` [ RunTime:0.0187s ]
NOTIC: D方法实例化没找到模型类Seller\Model\GoodsModel
SQL: SHOW COLUMNS FROM `wx_goods` [ RunTime:0.0133s ]
SQL: SHOW COLUMNS FROM `wx_goods_category` [ RunTime:0.0115s ]
SQL: SELECT * FROM `wx_user` WHERE `openid` = 'oaQ8auGYY-uQTtIUAFFxqnQJpjWQ' LIMIT 1   [ RunTime:0.0033s ]

[ 2015-05-22T01:09:01+08:00 ] 127.0.0.1 /ecs_weixiao_github/ecs_weixiao/index.php?m=Seller&c=Index&a=liveGoodsList
INFO: [ app_init ] --START--
INFO: Run Behavior\BuildLiteBehavior [ RunTime:0.000025s ]
INFO: [ app_init ] --END-- [ RunTime:0.000687s ]
INFO: [ app_begin ] --START--
INFO: Run Behavior\ReadHtmlCacheBehavior [ RunTime:0.000879s ]
INFO: [ app_begin ] --END-- [ RunTime:0.001035s ]
SQL: SHOW COLUMNS FROM `wx_wechat` [ RunTime:0.0170s ]
SQL: SHOW COLUMNS FROM `wx_user` [ RunTime:0.0150s ]
NOTIC: D方法实例化没找到模型类Seller\Model\GoodsModel
SQL: SHOW COLUMNS FROM `wx_goods` [ RunTime:0.0146s ]
SQL: SHOW COLUMNS FROM `wx_goods_category` [ RunTime:0.0158s ]
SQL: SELECT * FROM `wx_user` WHERE `openid` = 'oaQ8auGYY-uQTtIUAFFxqnQJpjWQ' LIMIT 1   [ RunTime:0.0093s ]

[ 2015-05-22T01:09:01+08:00 ] 127.0.0.1 /ecs_weixiao_github/ecs_weixiao/index.php?m=Seller&c=Index&a=liveGoodsList
INFO: [ app_init ] --START--
INFO: Run Behavior\BuildLiteBehavior [ RunTime:0.000017s ]
INFO: [ app_init ] --END-- [ RunTime:0.000426s ]
INFO: [ app_begin ] --START--
INFO: Run Behavior\ReadHtmlCacheBehavior [ RunTime:0.000568s ]
INFO: [ app_begin ] --END-- [ RunTime:0.000641s ]
SQL: SHOW COLUMNS FROM `wx_wechat` [ RunTime:0.0140s ]
SQL: SHOW COLUMNS FROM `wx_user` [ RunTime:0.0123s ]
NOTIC: D方法实例化没找到模型类Seller\Model\GoodsModel
SQL: SHOW COLUMNS FROM `wx_goods` [ RunTime:0.0111s ]
SQL: SHOW COLUMNS FROM `wx_goods_category` [ RunTime:0.0097s ]
SQL: SELECT * FROM `wx_user` WHERE `openid` = 'oaQ8auGYY-uQTtIUAFFxqnQJpjWQ' LIMIT 1   [ RunTime:0.0011s ]

[ 2015-05-22T01:09:02+08:00 ] 127.0.0.1 /ecs_weixiao_github/ecs_weixiao/index.php?m=Seller&c=Index&a=liveGoodsList
INFO: [ app_init ] --START--
INFO: Run Behavior\BuildLiteBehavior [ RunTime:0.000018s ]
INFO: [ app_init ] --END-- [ RunTime:0.000570s ]
INFO: [ app_begin ] --START--
INFO: Run Behavior\ReadHtmlCacheBehavior [ RunTime:0.000872s ]
INFO: [ app_begin ] --END-- [ RunTime:0.000986s ]
SQL: SHOW COLUMNS FROM `wx_wechat` [ RunTime:0.0151s ]
SQL: SHOW COLUMNS FROM `wx_user` [ RunTime:0.0187s ]
NOTIC: D方法实例化没找到模型类Seller\Model\GoodsModel
SQL: SHOW COLUMNS FROM `wx_goods` [ RunTime:0.0165s ]
SQL: SHOW COLUMNS FROM `wx_goods_category` [ RunTime:0.0154s ]
SQL: SELECT * FROM `wx_user` WHERE `openid` = 'oaQ8auGYY-uQTtIUAFFxqnQJpjWQ' LIMIT 1   [ RunTime:0.0030s ]

[ 2015-05-22T01:09:02+08:00 ] 127.0.0.1 /ecs_weixiao_github/ecs_weixiao/index.php?m=Seller&c=Index&a=liveGoodsList
INFO: [ app_init ] --START--
INFO: Run Behavior\BuildLiteBehavior [ RunTime:0.000026s ]
INFO: [ app_init ] --END-- [ RunTime:0.000392s ]
INFO: [ app_begin ] --START--
INFO: Run Behavior\ReadHtmlCacheBehavior [ RunTime:0.000679s ]
INFO: [ app_begin ] --END-- [ RunTime:0.000781s ]
SQL: SHOW COLUMNS FROM `wx_wechat` [ RunTime:0.0155s ]
SQL: SHOW COLUMNS FROM `wx_user` [ RunTime:0.0120s ]
NOTIC: D方法实例化没找到模型类Seller\Model\GoodsModel
SQL: SHOW COLUMNS FROM `wx_goods` [ RunTime:0.0101s ]
SQL: SHOW COLUMNS FROM `wx_goods_category` [ RunTime:0.0109s ]
SQL: SELECT * FROM `wx_user` WHERE `openid` = 'oaQ8auGYY-uQTtIUAFFxqnQJpjWQ' LIMIT 1   [ RunTime:0.0037s ]

[ 2015-05-22T01:09:02+08:00 ] 127.0.0.1 /ecs_weixiao_github/ecs_weixiao/index.php?m=Seller&c=Index&a=liveGoodsList
INFO: [ app_init ] --START--
INFO: Run Behavior\BuildLiteBehavior [ RunTime:0.000039s ]
INFO: [ app_init ] --END-- [ RunTime:0.000750s ]
INFO: [ app_begin ] --START--
INFO: Run Behavior\ReadHtmlCacheBehavior [ RunTime:0.000926s ]
INFO: [ app_begin ] --END-- [ RunTime:0.001063s ]
SQL: SHOW COLUMNS FROM `wx_wechat` [ RunTime:0.0162s ]
SQL: SHOW COLUMNS FROM `wx_user` [ RunTime:0.0132s ]
NOTIC: D方法实例化没找到模型类Seller\Model\GoodsModel
SQL: SHOW COLUMNS FROM `wx_goods` [ RunTime:0.0113s ]
SQL: SHOW COLUMNS FROM `wx_goods_category` [ RunTime:0.0115s ]
SQL: SELECT * FROM `wx_user` WHERE `openid` = 'oaQ8auGYY-uQTtIUAFFxqnQJpjWQ' LIMIT 1   [ RunTime:0.0026s ]

[ 2015-05-22T01:09:24+08:00 ] 127.0.0.1 /ecs_weixiao_github/ecs_weixiao/index.php?m=Seller&c=Index&a=liveGoodsList
INFO: [ app_init ] --START--
INFO: Run Behavior\BuildLiteBehavior [ RunTime:0.000019s ]
INFO: [ app_init ] --END-- [ RunTime:0.000443s ]
INFO: [ app_begin ] --START--
INFO: Run Behavior\ReadHtmlCacheBehavior [ RunTime:0.000674s ]
INFO: [ app_begin ] --END-- [ RunTime:0.000882s ]
SQL: SHOW COLUMNS FROM `wx_wechat` [ RunTime:0.0180s ]
SQL: SHOW COLUMNS FROM `wx_user` [ RunTime:0.0181s ]
NOTIC: D方法实例化没找到模型类Seller\Model\GoodsModel
SQL: SHOW COLUMNS FROM `wx_goods` [ RunTime:0.0123s ]
SQL: SHOW COLUMNS FROM `wx_goods_category` [ RunTime:0.0137s ]
SQL: SELECT * FROM `wx_user` WHERE `openid` = 'oaQ8auGYY-uQTtIUAFFxqnQJpjWQ' LIMIT 1   [ RunTime:0.0032s ]
ERR: Think\Model:getList方法不存在！

[ 2015-05-22T01:10:10+08:00 ] 127.0.0.1 /ecs_weixiao_github/ecs_weixiao/index.php?m=Seller&c=Index&a=liveGoodsList
INFO: [ app_init ] --START--
INFO: Run Behavior\BuildLiteBehavior [ RunTime:0.000018s ]
INFO: [ app_init ] --END-- [ RunTime:0.000492s ]
INFO: [ app_begin ] --START--
INFO: Run Behavior\ReadHtmlCacheBehavior [ RunTime:0.000887s ]
INFO: [ app_begin ] --END-- [ RunTime:0.000969s ]
SQL: SHOW COLUMNS FROM `wx_wechat` [ RunTime:0.0132s ]
SQL: SHOW COLUMNS FROM `wx_user` [ RunTime:0.0120s ]
NOTIC: D方法实例化没找到模型类Seller\Model\GoodsModel
SQL: SHOW COLUMNS FROM `wx_goods` [ RunTime:0.0142s ]
SQL: SHOW COLUMNS FROM `wx_goods_category` [ RunTime:0.0114s ]
SQL: SELECT * FROM `wx_user` WHERE `openid` = 'oaQ8auGYY-uQTtIUAFFxqnQJpjWQ' LIMIT 1   [ RunTime:0.0065s ]
ERR: Think\Model:getList方法不存在！

[ 2015-05-22T01:10:36+08:00 ] 127.0.0.1 /ecs_weixiao_github/ecs_weixiao/index.php?m=Seller&c=Index&a=liveGoodsList
INFO: [ app_init ] --START--
INFO: Run Behavior\BuildLiteBehavior [ RunTime:0.000084s ]
INFO: [ app_init ] --END-- [ RunTime:0.000720s ]
INFO: [ app_begin ] --START--
INFO: Run Behavior\ReadHtmlCacheBehavior [ RunTime:0.000832s ]
INFO: [ app_begin ] --END-- [ RunTime:0.001030s ]
SQL: SHOW COLUMNS FROM `wx_wechat` [ RunTime:0.0168s ]
SQL: SHOW COLUMNS FROM `wx_user` [ RunTime:0.0133s ]
NOTIC: D方法实例化没找到模型类Seller\Model\GoodsModel
SQL: SHOW COLUMNS FROM `wx_goods` [ RunTime:0.0157s ]
SQL: SHOW COLUMNS FROM `wx_goods_category` [ RunTime:0.0120s ]
SQL: SELECT * FROM `wx_user` WHERE `openid` = 'oaQ8auGYY-uQTtIUAFFxqnQJpjWQ' LIMIT 1   [ RunTime:0.0027s ]

