[ 2015-03-27T20:29:47+08:00 ] 127.0.0.1 /ecs_weixiao/index.php?m=seller&c=index&a=index
INFO: [ app_init ] --START--
INFO: Run Behavior\BuildLiteBehavior [ RunTime:0.000018s ]
INFO: [ app_init ] --END-- [ RunTime:0.000442s ]
INFO: [ app_begin ] --START--
INFO: Run Behavior\ReadHtmlCacheBehavior [ RunTime:0.000880s ]
INFO: [ app_begin ] --END-- [ RunTime:0.001013s ]
INFO: [ view_parse ] --START--
INFO: [ template_filter ] --START--
INFO: Run Behavior\ContentReplaceBehavior [ RunTime:0.000192s ]
INFO: [ template_filter ] --END-- [ RunTime:0.000272s ]
INFO: Run Behavior\ParseTemplateBehavior [ RunTime:0.054873s ]
INFO: [ view_parse ] --END-- [ RunTime:0.055004s ]
INFO: [ view_filter ] --START--
INFO: Run Behavior\WriteHtmlCacheBehavior [ RunTime:0.000353s ]
INFO: [ view_filter ] --END-- [ RunTime:0.000410s ]
INFO: [ app_end ] --START--
INFO: Run Behavior\ShowPageTraceBehavior [ RunTime:0.000913s ]
INFO: [ app_end ] --END-- [ RunTime:0.001019s ]

[ 2015-03-27T22:31:46+08:00 ] 127.0.0.1 /ecs_weixiao/index.php?m=Seller&c=Index&a=index
INFO: [ app_init ] --START--
INFO: Run Behavior\BuildLiteBehavior [ RunTime:0.000029s ]
INFO: [ app_init ] --END-- [ RunTime:0.000530s ]
INFO: [ app_begin ] --START--
INFO: Run Behavior\ReadHtmlCacheBehavior [ RunTime:0.000741s ]
INFO: [ app_begin ] --END-- [ RunTime:0.000826s ]

[ 2015-03-27T22:32:33+08:00 ] 127.0.0.1 /ecs_weixiao/index.php?m=Seller&c=Index&a=index
INFO: [ app_init ] --START--
INFO: Run Behavior\BuildLiteBehavior [ RunTime:0.000029s ]
INFO: [ app_init ] --END-- [ RunTime:0.001019s ]
INFO: [ app_begin ] --START--
INFO: Run Behavior\ReadHtmlCacheBehavior [ RunTime:0.001039s ]
INFO: [ app_begin ] --END-- [ RunTime:0.001228s ]
NOTIC: D方法实例化没找到模型类Weixin\Model\WechatModel
SQL: SHOW COLUMNS FROM `wx_wechat` [ RunTime:0.0720s ]
ERR: Think\Model:getWechat方法不存在！

[ 2015-03-27T22:33:14+08:00 ] 127.0.0.1 /ecs_weixiao/index.php?m=Seller&c=Index&a=index
INFO: [ app_init ] --START--
INFO: Run Behavior\BuildLiteBehavior [ RunTime:0.000026s ]
INFO: [ app_init ] --END-- [ RunTime:0.000678s ]
INFO: [ app_begin ] --START--
INFO: Run Behavior\ReadHtmlCacheBehavior [ RunTime:0.000668s ]
INFO: [ app_begin ] --END-- [ RunTime:0.000734s ]
NOTIC: D方法实例化没找到模型类Weixin\Model\WechatModelModel
ERR: SQLSTATE[42S02]: Base table or view not found: 1146 Table 'ecs_weixiao.wx_wechat_model' doesn't exist

[ 2015-03-27T22:33:51+08:00 ] 127.0.0.1 /ecs_weixiao/index.php?m=Seller&c=Index&a=index
INFO: [ app_init ] --START--
INFO: Run Behavior\BuildLiteBehavior [ RunTime:0.000018s ]
INFO: [ app_init ] --END-- [ RunTime:0.000386s ]
INFO: [ app_begin ] --START--
INFO: Run Behavior\ReadHtmlCacheBehavior [ RunTime:0.000517s ]
INFO: [ app_begin ] --END-- [ RunTime:0.000582s ]
NOTIC: D方法实例化没找到模型类Weixin\Model\WechatModel
SQL: SHOW COLUMNS FROM `wx_wechat` [ RunTime:0.0146s ]
ERR: Think\Model:getWechat方法不存在！

[ 2015-03-27T22:34:12+08:00 ] 127.0.0.1 /ecs_weixiao/index.php?m=Seller&c=Index&a=index
INFO: [ app_init ] --START--
INFO: Run Behavior\BuildLiteBehavior [ RunTime:0.000018s ]
INFO: [ app_init ] --END-- [ RunTime:0.000414s ]
INFO: [ app_begin ] --START--
INFO: Run Behavior\ReadHtmlCacheBehavior [ RunTime:0.000745s ]
INFO: [ app_begin ] --END-- [ RunTime:0.000860s ]
ERR: SQLSTATE[42S02]: Base table or view not found: 1146 Table 'ecs_weixiao.wx_weixin\wechat' doesn't exist

[ 2015-03-27T22:34:40+08:00 ] 127.0.0.1 /ecs_weixiao/index.php?m=Seller&c=Index&a=index
INFO: [ app_init ] --START--
INFO: Run Behavior\BuildLiteBehavior [ RunTime:0.000018s ]
INFO: [ app_init ] --END-- [ RunTime:0.000410s ]
INFO: [ app_begin ] --START--
INFO: Run Behavior\ReadHtmlCacheBehavior [ RunTime:0.000548s ]
INFO: [ app_begin ] --END-- [ RunTime:0.000614s ]
NOTIC: D方法实例化没找到模型类weixin\Model\WechatModel
SQL: SHOW COLUMNS FROM `wx_wechat` [ RunTime:0.0214s ]
ERR: Think\Model:getWechat方法不存在！

[ 2015-03-27T22:36:17+08:00 ] 127.0.0.1 /ecs_weixiao/index.php?m=Seller&c=Index&a=index
INFO: [ app_init ] --START--
INFO: Run Behavior\BuildLiteBehavior [ RunTime:0.000025s ]
INFO: [ app_init ] --END-- [ RunTime:0.000789s ]
INFO: [ app_begin ] --START--
INFO: Run Behavior\ReadHtmlCacheBehavior [ RunTime:0.001195s ]
INFO: [ app_begin ] --END-- [ RunTime:0.001291s ]

[ 2015-03-27T22:37:26+08:00 ] 127.0.0.1 /ecs_weixiao/index.php?m=Seller&c=Index&a=index
INFO: [ app_init ] --START--
INFO: Run Behavior\BuildLiteBehavior [ RunTime:0.000019s ]
INFO: [ app_init ] --END-- [ RunTime:0.000430s ]
INFO: [ app_begin ] --START--
INFO: Run Behavior\ReadHtmlCacheBehavior [ RunTime:0.000670s ]
INFO: [ app_begin ] --END-- [ RunTime:0.000777s ]
SQL: SHOW COLUMNS FROM `wx_wechat` [ RunTime:0.0153s ]
SQL: SELECT * FROM `wx_wechat` WHERE ( openid=1231321 ) LIMIT 1   [ RunTime:0.0023s ]

[ 2015-03-27T22:51:00+08:00 ] 127.0.0.1 /ecs_weixiao/index.php?m=Seller&c=Index&a=index
INFO: [ app_init ] --START--
INFO: Run Behavior\BuildLiteBehavior [ RunTime:0.000018s ]
INFO: [ app_init ] --END-- [ RunTime:0.000498s ]
INFO: [ app_begin ] --START--
INFO: Run Behavior\ReadHtmlCacheBehavior [ RunTime:0.001014s ]
INFO: [ app_begin ] --END-- [ RunTime:0.001120s ]
SQL: SHOW COLUMNS FROM `wx_wechat` [ RunTime:0.0135s ]

[ 2015-03-27T23:25:13+08:00 ] 127.0.0.1 /ecs_weixiao/index.php?m=Seller&c=Index&a=index
INFO: [ app_init ] --START--
INFO: Run Behavior\BuildLiteBehavior [ RunTime:0.000017s ]
INFO: [ app_init ] --END-- [ RunTime:0.000450s ]
INFO: [ app_begin ] --START--
INFO: Run Behavior\ReadHtmlCacheBehavior [ RunTime:0.000700s ]
INFO: [ app_begin ] --END-- [ RunTime:0.000769s ]
SQL: SHOW COLUMNS FROM `wx_wechat` [ RunTime:0.0137s ]

[ 2015-03-27T23:25:25+08:00 ] 127.0.0.1 /ecs_weixiao/index.php?m=Seller&c=Index&a=index
INFO: [ app_init ] --START--
INFO: Run Behavior\BuildLiteBehavior [ RunTime:0.000031s ]
INFO: [ app_init ] --END-- [ RunTime:0.000464s ]
INFO: [ app_begin ] --START--
INFO: Run Behavior\ReadHtmlCacheBehavior [ RunTime:0.001535s ]
INFO: [ app_begin ] --END-- [ RunTime:0.001794s ]
SQL: SHOW COLUMNS FROM `wx_wechat` [ RunTime:0.0183s ]
SQL: SHOW COLUMNS FROM `wx_user` [ RunTime:0.0124s ]
NOTIC: [8] A session had already been started - ignoring session_start() D:\ApmServ\APMServ5.2.6\www\htdocs\ecs_weixiao\ThinkPHP\Common\functions.php 第 1234 行.

[ 2015-03-27T23:26:05+08:00 ] 127.0.0.1 /ecs_weixiao/index.php?m=Seller&c=Index&a=index
INFO: [ app_init ] --START--
INFO: Run Behavior\BuildLiteBehavior [ RunTime:0.000021s ]
INFO: [ app_init ] --END-- [ RunTime:0.000585s ]
INFO: [ app_begin ] --START--
INFO: Run Behavior\ReadHtmlCacheBehavior [ RunTime:0.000737s ]
INFO: [ app_begin ] --END-- [ RunTime:0.000833s ]
SQL: SHOW COLUMNS FROM `wx_wechat` [ RunTime:0.0114s ]
SQL: SHOW COLUMNS FROM `wx_user` [ RunTime:0.0116s ]
NOTIC: [8] A session had already been started - ignoring session_start() D:\ApmServ\APMServ5.2.6\www\htdocs\ecs_weixiao\ThinkPHP\Common\functions.php 第 1234 行.

[ 2015-03-27T23:26:18+08:00 ] 127.0.0.1 /ecs_weixiao/index.php?m=Seller&c=Index&a=index
INFO: [ app_init ] --START--
INFO: Run Behavior\BuildLiteBehavior [ RunTime:0.000032s ]
INFO: [ app_init ] --END-- [ RunTime:0.000552s ]
INFO: [ app_begin ] --START--
INFO: Run Behavior\ReadHtmlCacheBehavior [ RunTime:0.000851s ]
INFO: [ app_begin ] --END-- [ RunTime:0.000953s ]
SQL: SHOW COLUMNS FROM `wx_wechat` [ RunTime:0.0148s ]
SQL: SHOW COLUMNS FROM `wx_user` [ RunTime:0.0121s ]
NOTIC: [8] A session had already been started - ignoring session_start() D:\ApmServ\APMServ5.2.6\www\htdocs\ecs_weixiao\ThinkPHP\Common\functions.php 第 1234 行.

[ 2015-03-27T23:27:01+08:00 ] 127.0.0.1 /ecs_weixiao/index.php?m=Seller&c=Index&a=index
INFO: [ app_init ] --START--
INFO: Run Behavior\BuildLiteBehavior [ RunTime:0.001724s ]
INFO: [ app_init ] --END-- [ RunTime:0.002422s ]
INFO: [ app_begin ] --START--
INFO: Run Behavior\ReadHtmlCacheBehavior [ RunTime:0.000574s ]
INFO: [ app_begin ] --END-- [ RunTime:0.000647s ]
SQL: SHOW COLUMNS FROM `wx_wechat` [ RunTime:0.0133s ]
SQL: SHOW COLUMNS FROM `wx_user` [ RunTime:0.0086s ]
NOTIC: [8] A session had already been started - ignoring session_start() D:\ApmServ\APMServ5.2.6\www\htdocs\ecs_weixiao\ThinkPHP\Common\functions.php 第 1234 行.

[ 2015-03-27T23:28:25+08:00 ] 127.0.0.1 /ecs_weixiao/index.php?m=Seller&c=Index&a=index
INFO: [ app_init ] --START--
INFO: Run Behavior\BuildLiteBehavior [ RunTime:0.000026s ]
INFO: [ app_init ] --END-- [ RunTime:0.000644s ]
INFO: [ app_begin ] --START--
INFO: Run Behavior\ReadHtmlCacheBehavior [ RunTime:0.000946s ]
INFO: [ app_begin ] --END-- [ RunTime:0.001064s ]

[ 2015-03-27T23:28:35+08:00 ] 127.0.0.1 /ecs_weixiao/index.php?m=Seller&c=Index&a=index
INFO: [ app_init ] --START--
INFO: Run Behavior\BuildLiteBehavior [ RunTime:0.000017s ]
INFO: [ app_init ] --END-- [ RunTime:0.000384s ]
INFO: [ app_begin ] --START--
INFO: Run Behavior\ReadHtmlCacheBehavior [ RunTime:0.000902s ]
INFO: [ app_begin ] --END-- [ RunTime:0.001036s ]
SQL: SHOW COLUMNS FROM `wx_wechat` [ RunTime:0.0148s ]
SQL: SHOW COLUMNS FROM `wx_user` [ RunTime:0.0140s ]

[ 2015-03-27T23:30:34+08:00 ] 127.0.0.1 /ecs_weixiao/index.php?m=Seller&c=Index&a=index
INFO: [ app_init ] --START--
INFO: Run Behavior\BuildLiteBehavior [ RunTime:0.000019s ]
INFO: [ app_init ] --END-- [ RunTime:0.000681s ]
INFO: [ app_begin ] --START--
INFO: Run Behavior\ReadHtmlCacheBehavior [ RunTime:0.000726s ]
INFO: [ app_begin ] --END-- [ RunTime:0.000800s ]

[ 2015-03-27T23:30:43+08:00 ] 127.0.0.1 /ecs_weixiao/index.php?m=Seller&c=Index&a=index
INFO: [ app_init ] --START--
INFO: Run Behavior\BuildLiteBehavior [ RunTime:0.000016s ]
INFO: [ app_init ] --END-- [ RunTime:0.000366s ]
INFO: [ app_begin ] --START--
INFO: Run Behavior\ReadHtmlCacheBehavior [ RunTime:0.000511s ]
INFO: [ app_begin ] --END-- [ RunTime:0.000575s ]
SQL: SHOW COLUMNS FROM `wx_wechat` [ RunTime:0.0166s ]
SQL: SHOW COLUMNS FROM `wx_user` [ RunTime:0.0148s ]
NOTIC: [8] Undefined variable: condtion D:\ApmServ\APMServ5.2.6\www\htdocs\ecs_weixiao\Application\Seller\Model\UserModel.class.php 第 13 行.
SQL: SELECT * FROM `wx_user`  [ RunTime:0.0288s ]

[ 2015-03-27T23:32:09+08:00 ] 127.0.0.1 /ecs_weixiao/index.php?m=Seller&c=Index&a=index
INFO: [ app_init ] --START--
INFO: Run Behavior\BuildLiteBehavior [ RunTime:0.000017s ]
INFO: [ app_init ] --END-- [ RunTime:0.000418s ]
INFO: [ app_begin ] --START--
INFO: Run Behavior\ReadHtmlCacheBehavior [ RunTime:0.000528s ]
INFO: [ app_begin ] --END-- [ RunTime:0.000593s ]
SQL: SHOW COLUMNS FROM `wx_wechat` [ RunTime:0.0159s ]
SQL: SHOW COLUMNS FROM `wx_user` [ RunTime:0.0133s ]
NOTIC: [8] Undefined variable: condtion D:\ApmServ\APMServ5.2.6\www\htdocs\ecs_weixiao\Application\Seller\Model\UserModel.class.php 第 13 行.
SQL: SELECT * FROM `wx_user`  [ RunTime:0.0011s ]

[ 2015-03-27T23:32:30+08:00 ] 127.0.0.1 /ecs_weixiao/index.php?m=Seller&c=Index&a=index
INFO: [ app_init ] --START--
INFO: Run Behavior\BuildLiteBehavior [ RunTime:0.000026s ]
INFO: [ app_init ] --END-- [ RunTime:0.000589s ]
INFO: [ app_begin ] --START--
INFO: Run Behavior\ReadHtmlCacheBehavior [ RunTime:0.000609s ]
INFO: [ app_begin ] --END-- [ RunTime:0.000697s ]
SQL: SHOW COLUMNS FROM `wx_wechat` [ RunTime:0.0136s ]
SQL: SHOW COLUMNS FROM `wx_user` [ RunTime:0.0143s ]

[ 2015-03-27T23:33:50+08:00 ] 127.0.0.1 /ecs_weixiao/index.php?m=Seller&c=Index&a=index
INFO: [ app_init ] --START--
INFO: Run Behavior\BuildLiteBehavior [ RunTime:0.000030s ]
INFO: [ app_init ] --END-- [ RunTime:0.000537s ]
INFO: [ app_begin ] --START--
INFO: Run Behavior\ReadHtmlCacheBehavior [ RunTime:0.001409s ]
INFO: [ app_begin ] --END-- [ RunTime:0.001668s ]
SQL: SHOW COLUMNS FROM `wx_wechat` [ RunTime:0.0101s ]
SQL: SHOW COLUMNS FROM `wx_user` [ RunTime:0.0122s ]
ERR: SQLSTATE[42S22]: Column not found: 1054 Unknown column 'oaQ8auGYY' in 'where clause'

[ 2015-03-27T23:34:05+08:00 ] 127.0.0.1 /ecs_weixiao/index.php?m=Seller&c=Index&a=index
INFO: [ app_init ] --START--
INFO: Run Behavior\BuildLiteBehavior [ RunTime:0.000032s ]
INFO: [ app_init ] --END-- [ RunTime:0.001143s ]
INFO: [ app_begin ] --START--
INFO: Run Behavior\ReadHtmlCacheBehavior [ RunTime:0.001030s ]
INFO: [ app_begin ] --END-- [ RunTime:0.001168s ]
SQL: SHOW COLUMNS FROM `wx_wechat` [ RunTime:0.0157s ]
SQL: SHOW COLUMNS FROM `wx_user` [ RunTime:0.1117s ]
SQL: SELECT * FROM `wx_user` WHERE ( openid="oaQ8auGYY-uQTtIUAFFxqnQJpjWQ" )  [ RunTime:0.0007s ]

[ 2015-03-27T23:34:34+08:00 ] 127.0.0.1 /ecs_weixiao/index.php?m=Seller&c=Index&a=index
INFO: [ app_init ] --START--
INFO: Run Behavior\BuildLiteBehavior [ RunTime:0.000018s ]
INFO: [ app_init ] --END-- [ RunTime:0.000437s ]
INFO: [ app_begin ] --START--
INFO: Run Behavior\ReadHtmlCacheBehavior [ RunTime:0.000568s ]
INFO: [ app_begin ] --END-- [ RunTime:0.000635s ]

[ 2015-03-27T23:35:06+08:00 ] 127.0.0.1 /ecs_weixiao/index.php?m=Seller&c=Index&a=index
INFO: [ app_init ] --START--
INFO: Run Behavior\BuildLiteBehavior [ RunTime:0.000027s ]
INFO: [ app_init ] --END-- [ RunTime:0.000506s ]
INFO: [ app_begin ] --START--
INFO: Run Behavior\ReadHtmlCacheBehavior [ RunTime:0.000714s ]
INFO: [ app_begin ] --END-- [ RunTime:0.000856s ]
SQL: SHOW COLUMNS FROM `wx_wechat` [ RunTime:0.0138s ]
SQL: SHOW COLUMNS FROM `wx_user` [ RunTime:0.0122s ]

[ 2015-03-27T23:35:28+08:00 ] 127.0.0.1 /ecs_weixiao/index.php?m=Seller&c=Index&a=index
INFO: [ app_init ] --START--
INFO: Run Behavior\BuildLiteBehavior [ RunTime:0.000016s ]
INFO: [ app_init ] --END-- [ RunTime:0.000388s ]
INFO: [ app_begin ] --START--
INFO: Run Behavior\ReadHtmlCacheBehavior [ RunTime:0.000521s ]
INFO: [ app_begin ] --END-- [ RunTime:0.000584s ]
SQL: SHOW COLUMNS FROM `wx_wechat` [ RunTime:0.0131s ]
SQL: SHOW COLUMNS FROM `wx_user` [ RunTime:0.0145s ]
NOTIC: [8] Undefined variable: condtion D:\ApmServ\APMServ5.2.6\www\htdocs\ecs_weixiao\Application\Seller\Model\UserModel.class.php 第 13 行.
SQL: SELECT * FROM `wx_user`  [ RunTime:0.0012s ]

[ 2015-03-27T23:37:34+08:00 ] 127.0.0.1 /ecs_weixiao/index.php?m=Seller&c=Index&a=index
INFO: [ app_init ] --START--
INFO: Run Behavior\BuildLiteBehavior [ RunTime:0.000028s ]
INFO: [ app_init ] --END-- [ RunTime:0.000771s ]
INFO: [ app_begin ] --START--
INFO: Run Behavior\ReadHtmlCacheBehavior [ RunTime:0.000971s ]
INFO: [ app_begin ] --END-- [ RunTime:0.001108s ]
SQL: SHOW COLUMNS FROM `wx_wechat` [ RunTime:0.0113s ]
SQL: SHOW COLUMNS FROM `wx_user` [ RunTime:0.0096s ]
NOTIC: [8] Undefined variable: condtion D:\ApmServ\APMServ5.2.6\www\htdocs\ecs_weixiao\Application\Seller\Model\UserModel.class.php 第 13 行.
SQL: SELECT * FROM `wx_user`  [ RunTime:0.0007s ]

[ 2015-03-27T23:37:57+08:00 ] 127.0.0.1 /ecs_weixiao/index.php?m=Seller&c=Index&a=index
INFO: [ app_init ] --START--
INFO: Run Behavior\BuildLiteBehavior [ RunTime:0.000018s ]
INFO: [ app_init ] --END-- [ RunTime:0.000390s ]
INFO: [ app_begin ] --START--
INFO: Run Behavior\ReadHtmlCacheBehavior [ RunTime:0.001289s ]
INFO: [ app_begin ] --END-- [ RunTime:0.001411s ]
SQL: SHOW COLUMNS FROM `wx_wechat` [ RunTime:0.0105s ]
SQL: SHOW COLUMNS FROM `wx_user` [ RunTime:0.0101s ]
SQL: SELECT * FROM `wx_user` WHERE ( openid=123 )  [ RunTime:0.0010s ]

[ 2015-03-27T23:38:17+08:00 ] 127.0.0.1 /ecs_weixiao/index.php?m=Seller&c=Index&a=index
INFO: [ app_init ] --START--
INFO: Run Behavior\BuildLiteBehavior [ RunTime:0.000020s ]
INFO: [ app_init ] --END-- [ RunTime:0.000454s ]
INFO: [ app_begin ] --START--
INFO: Run Behavior\ReadHtmlCacheBehavior [ RunTime:0.002513s ]
INFO: [ app_begin ] --END-- [ RunTime:0.002630s ]
SQL: SHOW COLUMNS FROM `wx_wechat` [ RunTime:0.0111s ]
SQL: SHOW COLUMNS FROM `wx_user` [ RunTime:0.0160s ]
SQL: SELECT * FROM `wx_user`  [ RunTime:0.0025s ]

[ 2015-03-27T23:38:30+08:00 ] 127.0.0.1 /ecs_weixiao/index.php?m=Seller&c=Index&a=index
INFO: [ app_init ] --START--
INFO: Run Behavior\BuildLiteBehavior [ RunTime:0.000017s ]
INFO: [ app_init ] --END-- [ RunTime:0.000420s ]
INFO: [ app_begin ] --START--
INFO: Run Behavior\ReadHtmlCacheBehavior [ RunTime:0.000550s ]
INFO: [ app_begin ] --END-- [ RunTime:0.000621s ]
SQL: SHOW COLUMNS FROM `wx_wechat` [ RunTime:0.0143s ]
SQL: SHOW COLUMNS FROM `wx_user` [ RunTime:0.0102s ]
NOTIC: [2] Invalid argument supplied for foreach() D:\ApmServ\APMServ5.2.6\www\htdocs\ecs_weixiao\ThinkPHP\Library\Think\Db\Driver.class.php 第 493 行.
SQL: SELECT * FROM `wx_user`  [ RunTime:0.0010s ]

[ 2015-03-27T23:39:58+08:00 ] 127.0.0.1 /ecs_weixiao/index.php?m=Seller&c=Index&a=index
INFO: [ app_init ] --START--
INFO: Run Behavior\BuildLiteBehavior [ RunTime:0.000029s ]
INFO: [ app_init ] --END-- [ RunTime:0.000960s ]
INFO: [ app_begin ] --START--
INFO: Run Behavior\ReadHtmlCacheBehavior [ RunTime:0.001242s ]
INFO: [ app_begin ] --END-- [ RunTime:0.001377s ]
SQL: SHOW COLUMNS FROM `wx_wechat` [ RunTime:0.0113s ]
SQL: SHOW COLUMNS FROM `wx_user` [ RunTime:0.0136s ]
SQL: SELECT * FROM `wx_user` WHERE (  openid )  [ RunTime:0.0014s ]

[ 2015-03-27T23:40:17+08:00 ] 127.0.0.1 /ecs_weixiao/index.php?m=Seller&c=Index&a=index
INFO: [ app_init ] --START--
INFO: Run Behavior\BuildLiteBehavior [ RunTime:0.000018s ]
INFO: [ app_init ] --END-- [ RunTime:0.000411s ]
INFO: [ app_begin ] --START--
INFO: Run Behavior\ReadHtmlCacheBehavior [ RunTime:0.000555s ]
INFO: [ app_begin ] --END-- [ RunTime:0.000641s ]
SQL: SHOW COLUMNS FROM `wx_wechat` [ RunTime:0.0143s ]
SQL: SHOW COLUMNS FROM `wx_user` [ RunTime:0.0110s ]
SQL: SELECT * FROM `wx_user` WHERE `openid` = '123'  [ RunTime:0.0013s ]

[ 2015-03-27T23:40:40+08:00 ] 127.0.0.1 /ecs_weixiao/index.php?m=Seller&c=Index&a=index
INFO: [ app_init ] --START--
INFO: Run Behavior\BuildLiteBehavior [ RunTime:0.000043s ]
INFO: [ app_init ] --END-- [ RunTime:0.000945s ]
INFO: [ app_begin ] --START--
INFO: Run Behavior\ReadHtmlCacheBehavior [ RunTime:0.000868s ]
INFO: [ app_begin ] --END-- [ RunTime:0.000999s ]
SQL: SHOW COLUMNS FROM `wx_wechat` [ RunTime:0.0107s ]
SQL: SHOW COLUMNS FROM `wx_user` [ RunTime:0.0119s ]
SQL: SELECT * FROM `wx_user` WHERE `openid` = 'oaQ8auGYY-uQTtIUAFFxqnQJpjWQ'  [ RunTime:0.0016s ]

[ 2015-03-27T23:40:59+08:00 ] 127.0.0.1 /ecs_weixiao/index.php?m=Seller&c=Index&a=index
INFO: [ app_init ] --START--
INFO: Run Behavior\BuildLiteBehavior [ RunTime:0.000028s ]
INFO: [ app_init ] --END-- [ RunTime:0.000502s ]
INFO: [ app_begin ] --START--
INFO: Run Behavior\ReadHtmlCacheBehavior [ RunTime:0.000692s ]
INFO: [ app_begin ] --END-- [ RunTime:0.000835s ]
SQL: SHOW COLUMNS FROM `wx_wechat` [ RunTime:0.0109s ]
SQL: SHOW COLUMNS FROM `wx_user` [ RunTime:0.0102s ]
SQL: SELECT * FROM `wx_user` WHERE `openid` = 'oaQ8auGYY-uQTtIUAFFxqnQJpjWQ'  [ RunTime:0.0012s ]

[ 2015-03-27T23:41:07+08:00 ] 127.0.0.1 /ecs_weixiao/index.php?m=Seller&c=Index&a=index
INFO: [ app_init ] --START--
INFO: Run Behavior\BuildLiteBehavior [ RunTime:0.000054s ]
INFO: [ app_init ] --END-- [ RunTime:0.001544s ]
INFO: [ app_begin ] --START--
INFO: Run Behavior\ReadHtmlCacheBehavior [ RunTime:0.001688s ]
INFO: [ app_begin ] --END-- [ RunTime:0.001948s ]
SQL: SHOW COLUMNS FROM `wx_wechat` [ RunTime:0.0139s ]
SQL: SHOW COLUMNS FROM `wx_user` [ RunTime:0.0128s ]
SQL: SELECT * FROM `wx_user` WHERE `openid` = 'oaQ8auGYY-uQTtIUAFFxqnQJpjWQ'  [ RunTime:0.0023s ]

[ 2015-03-27T23:41:40+08:00 ] 127.0.0.1 /ecs_weixiao/index.php?m=Seller&c=Index&a=index
INFO: [ app_init ] --START--
INFO: Run Behavior\BuildLiteBehavior [ RunTime:0.000019s ]
INFO: [ app_init ] --END-- [ RunTime:0.000439s ]
INFO: [ app_begin ] --START--
INFO: Run Behavior\ReadHtmlCacheBehavior [ RunTime:0.000614s ]
INFO: [ app_begin ] --END-- [ RunTime:0.000706s ]
SQL: SHOW COLUMNS FROM `wx_wechat` [ RunTime:0.0143s ]
SQL: SHOW COLUMNS FROM `wx_user` [ RunTime:0.0096s ]
SQL: SELECT * FROM `wx_user` WHERE `openid` = 'oaQ8auGYY-uQTtIUAFFxqnQJpjWQ'  [ RunTime:0.0009s ]

[ 2015-03-27T23:41:41+08:00 ] 127.0.0.1 /ecs_weixiao/index.php?m=Seller&c=Index&a=index
INFO: [ app_init ] --START--
INFO: Run Behavior\BuildLiteBehavior [ RunTime:0.000048s ]
INFO: [ app_init ] --END-- [ RunTime:0.000705s ]
INFO: [ app_begin ] --START--
INFO: Run Behavior\ReadHtmlCacheBehavior [ RunTime:0.001145s ]
INFO: [ app_begin ] --END-- [ RunTime:0.001259s ]
SQL: SHOW COLUMNS FROM `wx_wechat` [ RunTime:0.0096s ]
SQL: SHOW COLUMNS FROM `wx_user` [ RunTime:0.0130s ]
SQL: SELECT * FROM `wx_user` WHERE `openid` = 'oaQ8auGYY-uQTtIUAFFxqnQJpjWQ'  [ RunTime:0.0008s ]

[ 2015-03-27T23:41:41+08:00 ] 127.0.0.1 /ecs_weixiao/index.php?m=Seller&c=Index&a=index
INFO: [ app_init ] --START--
INFO: Run Behavior\BuildLiteBehavior [ RunTime:0.000029s ]
INFO: [ app_init ] --END-- [ RunTime:0.000602s ]
INFO: [ app_begin ] --START--
INFO: Run Behavior\ReadHtmlCacheBehavior [ RunTime:0.000639s ]
INFO: [ app_begin ] --END-- [ RunTime:0.000713s ]
SQL: SHOW COLUMNS FROM `wx_wechat` [ RunTime:0.0131s ]
SQL: SHOW COLUMNS FROM `wx_user` [ RunTime:0.0092s ]
SQL: SELECT * FROM `wx_user` WHERE `openid` = 'oaQ8auGYY-uQTtIUAFFxqnQJpjWQ'  [ RunTime:0.0010s ]

[ 2015-03-27T23:41:42+08:00 ] 127.0.0.1 /ecs_weixiao/index.php?m=Seller&c=Index&a=index
INFO: [ app_init ] --START--
INFO: Run Behavior\BuildLiteBehavior [ RunTime:0.000029s ]
INFO: [ app_init ] --END-- [ RunTime:0.000707s ]
INFO: [ app_begin ] --START--
INFO: Run Behavior\ReadHtmlCacheBehavior [ RunTime:0.000939s ]
INFO: [ app_begin ] --END-- [ RunTime:0.001089s ]
SQL: SHOW COLUMNS FROM `wx_wechat` [ RunTime:0.0134s ]
SQL: SHOW COLUMNS FROM `wx_user` [ RunTime:0.0139s ]
SQL: SELECT * FROM `wx_user` WHERE `openid` = 'oaQ8auGYY-uQTtIUAFFxqnQJpjWQ'  [ RunTime:0.0010s ]

[ 2015-03-27T23:41:42+08:00 ] 127.0.0.1 /ecs_weixiao/index.php?m=Seller&c=Index&a=index
INFO: [ app_init ] --START--
INFO: Run Behavior\BuildLiteBehavior [ RunTime:0.000041s ]
INFO: [ app_init ] --END-- [ RunTime:0.000595s ]
INFO: [ app_begin ] --START--
INFO: Run Behavior\ReadHtmlCacheBehavior [ RunTime:0.000811s ]
INFO: [ app_begin ] --END-- [ RunTime:0.000949s ]
SQL: SHOW COLUMNS FROM `wx_wechat` [ RunTime:0.0112s ]
SQL: SHOW COLUMNS FROM `wx_user` [ RunTime:0.0091s ]
SQL: SELECT * FROM `wx_user` WHERE `openid` = 'oaQ8auGYY-uQTtIUAFFxqnQJpjWQ'  [ RunTime:0.0041s ]

[ 2015-03-27T23:41:42+08:00 ] 127.0.0.1 /ecs_weixiao/index.php?m=Seller&c=Index&a=index
INFO: [ app_init ] --START--
INFO: Run Behavior\BuildLiteBehavior [ RunTime:0.000016s ]
INFO: [ app_init ] --END-- [ RunTime:0.000447s ]
INFO: [ app_begin ] --START--
INFO: Run Behavior\ReadHtmlCacheBehavior [ RunTime:0.000555s ]
INFO: [ app_begin ] --END-- [ RunTime:0.000622s ]
SQL: SHOW COLUMNS FROM `wx_wechat` [ RunTime:0.0096s ]
SQL: SHOW COLUMNS FROM `wx_user` [ RunTime:0.0117s ]
SQL: SELECT * FROM `wx_user` WHERE `openid` = 'oaQ8auGYY-uQTtIUAFFxqnQJpjWQ'  [ RunTime:0.0024s ]

[ 2015-03-27T23:41:42+08:00 ] 127.0.0.1 /ecs_weixiao/index.php?m=Seller&c=Index&a=index
INFO: [ app_init ] --START--
INFO: Run Behavior\BuildLiteBehavior [ RunTime:0.000018s ]
INFO: [ app_init ] --END-- [ RunTime:0.000463s ]
INFO: [ app_begin ] --START--
INFO: Run Behavior\ReadHtmlCacheBehavior [ RunTime:0.000598s ]
INFO: [ app_begin ] --END-- [ RunTime:0.000666s ]
SQL: SHOW COLUMNS FROM `wx_wechat` [ RunTime:0.0139s ]
SQL: SHOW COLUMNS FROM `wx_user` [ RunTime:0.0115s ]
SQL: SELECT * FROM `wx_user` WHERE `openid` = 'oaQ8auGYY-uQTtIUAFFxqnQJpjWQ'  [ RunTime:0.0009s ]

[ 2015-03-27T23:41:43+08:00 ] 127.0.0.1 /ecs_weixiao/index.php?m=Seller&c=Index&a=index
INFO: [ app_init ] --START--
INFO: Run Behavior\BuildLiteBehavior [ RunTime:0.000017s ]
INFO: [ app_init ] --END-- [ RunTime:0.000505s ]
INFO: [ app_begin ] --START--
INFO: Run Behavior\ReadHtmlCacheBehavior [ RunTime:0.000723s ]
INFO: [ app_begin ] --END-- [ RunTime:0.000808s ]
SQL: SHOW COLUMNS FROM `wx_wechat` [ RunTime:0.0131s ]
SQL: SHOW COLUMNS FROM `wx_user` [ RunTime:0.0139s ]
SQL: SELECT * FROM `wx_user` WHERE `openid` = 'oaQ8auGYY-uQTtIUAFFxqnQJpjWQ'  [ RunTime:0.0008s ]

[ 2015-03-27T23:41:43+08:00 ] 127.0.0.1 /ecs_weixiao/index.php?m=Seller&c=Index&a=index
INFO: [ app_init ] --START--
INFO: Run Behavior\BuildLiteBehavior [ RunTime:0.000016s ]
INFO: [ app_init ] --END-- [ RunTime:0.000454s ]
INFO: [ app_begin ] --START--
INFO: Run Behavior\ReadHtmlCacheBehavior [ RunTime:0.000558s ]
INFO: [ app_begin ] --END-- [ RunTime:0.000632s ]
SQL: SHOW COLUMNS FROM `wx_wechat` [ RunTime:0.0096s ]
SQL: SHOW COLUMNS FROM `wx_user` [ RunTime:0.0096s ]
SQL: SELECT * FROM `wx_user` WHERE `openid` = 'oaQ8auGYY-uQTtIUAFFxqnQJpjWQ'  [ RunTime:0.0009s ]

[ 2015-03-27T23:41:43+08:00 ] 127.0.0.1 /ecs_weixiao/index.php?m=Seller&c=Index&a=index
INFO: [ app_init ] --START--
INFO: Run Behavior\BuildLiteBehavior [ RunTime:0.000018s ]
INFO: [ app_init ] --END-- [ RunTime:0.000433s ]
INFO: [ app_begin ] --START--
INFO: Run Behavior\ReadHtmlCacheBehavior [ RunTime:0.000545s ]
INFO: [ app_begin ] --END-- [ RunTime:0.000627s ]
SQL: SHOW COLUMNS FROM `wx_wechat` [ RunTime:0.0111s ]
SQL: SHOW COLUMNS FROM `wx_user` [ RunTime:0.0121s ]
SQL: SELECT * FROM `wx_user` WHERE `openid` = 'oaQ8auGYY-uQTtIUAFFxqnQJpjWQ'  [ RunTime:0.0022s ]

[ 2015-03-27T23:41:43+08:00 ] 127.0.0.1 /ecs_weixiao/index.php?m=Seller&c=Index&a=index
INFO: [ app_init ] --START--
INFO: Run Behavior\BuildLiteBehavior [ RunTime:0.000034s ]
INFO: [ app_init ] --END-- [ RunTime:0.001244s ]
INFO: [ app_begin ] --START--
INFO: Run Behavior\ReadHtmlCacheBehavior [ RunTime:0.001180s ]
INFO: [ app_begin ] --END-- [ RunTime:0.001339s ]
SQL: SHOW COLUMNS FROM `wx_wechat` [ RunTime:0.0165s ]
SQL: SHOW COLUMNS FROM `wx_user` [ RunTime:0.0121s ]
SQL: SELECT * FROM `wx_user` WHERE `openid` = 'oaQ8auGYY-uQTtIUAFFxqnQJpjWQ'  [ RunTime:0.0012s ]

[ 2015-03-27T23:41:43+08:00 ] 127.0.0.1 /ecs_weixiao/index.php?m=Seller&c=Index&a=index
INFO: [ app_init ] --START--
INFO: Run Behavior\BuildLiteBehavior [ RunTime:0.000066s ]
INFO: [ app_init ] --END-- [ RunTime:0.000968s ]
INFO: [ app_begin ] --START--
INFO: Run Behavior\ReadHtmlCacheBehavior [ RunTime:0.001165s ]
INFO: [ app_begin ] --END-- [ RunTime:0.001321s ]
SQL: SHOW COLUMNS FROM `wx_wechat` [ RunTime:0.0138s ]
SQL: SHOW COLUMNS FROM `wx_user` [ RunTime:0.0131s ]
SQL: SELECT * FROM `wx_user` WHERE `openid` = 'oaQ8auGYY-uQTtIUAFFxqnQJpjWQ'  [ RunTime:0.0010s ]

[ 2015-03-27T23:41:44+08:00 ] 127.0.0.1 /ecs_weixiao/index.php?m=Seller&c=Index&a=index
INFO: [ app_init ] --START--
INFO: Run Behavior\BuildLiteBehavior [ RunTime:0.000018s ]
INFO: [ app_init ] --END-- [ RunTime:0.000430s ]
INFO: [ app_begin ] --START--
INFO: Run Behavior\ReadHtmlCacheBehavior [ RunTime:0.000759s ]
INFO: [ app_begin ] --END-- [ RunTime:0.000860s ]
SQL: SHOW COLUMNS FROM `wx_wechat` [ RunTime:0.0107s ]
SQL: SHOW COLUMNS FROM `wx_user` [ RunTime:0.0102s ]
SQL: SELECT * FROM `wx_user` WHERE `openid` = 'oaQ8auGYY-uQTtIUAFFxqnQJpjWQ'  [ RunTime:0.0010s ]

[ 2015-03-27T23:45:21+08:00 ] 127.0.0.1 /ecs_weixiao/index.php?m=Seller&c=Index&a=index
INFO: [ app_init ] --START--
INFO: Run Behavior\BuildLiteBehavior [ RunTime:0.000042s ]
INFO: [ app_init ] --END-- [ RunTime:0.000825s ]
INFO: [ app_begin ] --START--
INFO: Run Behavior\ReadHtmlCacheBehavior [ RunTime:0.001031s ]
INFO: [ app_begin ] --END-- [ RunTime:0.001199s ]
SQL: SHOW COLUMNS FROM `wx_wechat` [ RunTime:0.0179s ]
SQL: SHOW COLUMNS FROM `wx_user` [ RunTime:0.0138s ]

[ 2015-03-27T23:46:17+08:00 ] 127.0.0.1 /ecs_weixiao/index.php?m=Seller&c=Index&a=index
INFO: [ app_init ] --START--
INFO: Run Behavior\BuildLiteBehavior [ RunTime:0.000021s ]
INFO: [ app_init ] --END-- [ RunTime:0.000785s ]
INFO: [ app_begin ] --START--
INFO: Run Behavior\ReadHtmlCacheBehavior [ RunTime:0.000988s ]
INFO: [ app_begin ] --END-- [ RunTime:0.001096s ]
SQL: SHOW COLUMNS FROM `wx_wechat` [ RunTime:0.0137s ]
SQL: SHOW COLUMNS FROM `wx_user` [ RunTime:0.0134s ]

[ 2015-03-27T23:46:28+08:00 ] 127.0.0.1 /ecs_weixiao/index.php?m=Seller&c=Index&a=index
INFO: [ app_init ] --START--
INFO: Run Behavior\BuildLiteBehavior [ RunTime:0.000020s ]
INFO: [ app_init ] --END-- [ RunTime:0.000668s ]
INFO: [ app_begin ] --START--
INFO: Run Behavior\ReadHtmlCacheBehavior [ RunTime:0.000577s ]
INFO: [ app_begin ] --END-- [ RunTime:0.000644s ]
SQL: SHOW COLUMNS FROM `wx_wechat` [ RunTime:0.0098s ]
SQL: SHOW COLUMNS FROM `wx_user` [ RunTime:0.0098s ]

[ 2015-03-27T23:46:29+08:00 ] 127.0.0.1 /ecs_weixiao/index.php?m=Seller&c=Index&a=index
INFO: [ app_init ] --START--
INFO: Run Behavior\BuildLiteBehavior [ RunTime:0.000018s ]
INFO: [ app_init ] --END-- [ RunTime:0.000511s ]
INFO: [ app_begin ] --START--
INFO: Run Behavior\ReadHtmlCacheBehavior [ RunTime:0.001353s ]
INFO: [ app_begin ] --END-- [ RunTime:0.001450s ]
SQL: SHOW COLUMNS FROM `wx_wechat` [ RunTime:0.0103s ]
SQL: SHOW COLUMNS FROM `wx_user` [ RunTime:0.0114s ]

[ 2015-03-27T23:46:59+08:00 ] 127.0.0.1 /ecs_weixiao/index.php?m=Seller&c=Index&a=index
INFO: [ app_init ] --START--
INFO: Run Behavior\BuildLiteBehavior [ RunTime:0.000016s ]
INFO: [ app_init ] --END-- [ RunTime:0.000412s ]
INFO: [ app_begin ] --START--
INFO: Run Behavior\ReadHtmlCacheBehavior [ RunTime:0.000632s ]
INFO: [ app_begin ] --END-- [ RunTime:0.000712s ]
SQL: SHOW COLUMNS FROM `wx_wechat` [ RunTime:0.0110s ]
SQL: SHOW COLUMNS FROM `wx_user` [ RunTime:0.0113s ]
NOTIC: [8] Array to string conversion D:\ApmServ\APMServ5.2.6\www\htdocs\ecs_weixiao\Application\Seller\Controller\IndexController.class.php 第 61 行.

[ 2015-03-27T23:47:17+08:00 ] 127.0.0.1 /ecs_weixiao/index.php?m=Seller&c=Index&a=index
INFO: [ app_init ] --START--
INFO: Run Behavior\BuildLiteBehavior [ RunTime:0.000016s ]
INFO: [ app_init ] --END-- [ RunTime:0.000452s ]
INFO: [ app_begin ] --START--
INFO: Run Behavior\ReadHtmlCacheBehavior [ RunTime:0.000787s ]
INFO: [ app_begin ] --END-- [ RunTime:0.000878s ]
SQL: SHOW COLUMNS FROM `wx_wechat` [ RunTime:0.0174s ]
SQL: SHOW COLUMNS FROM `wx_user` [ RunTime:0.0136s ]
SQL: SELECT * FROM `wx_user` WHERE `openid` = 'oaQ8auGYY-uQTtIUAFFxqnQJpjWQ'  [ RunTime:0.0012s ]

[ 2015-03-27T23:47:27+08:00 ] 127.0.0.1 /ecs_weixiao/index.php?m=Seller&c=Index&a=index
INFO: [ app_init ] --START--
INFO: Run Behavior\BuildLiteBehavior [ RunTime:0.000019s ]
INFO: [ app_init ] --END-- [ RunTime:0.000674s ]
INFO: [ app_begin ] --START--
INFO: Run Behavior\ReadHtmlCacheBehavior [ RunTime:0.001139s ]
INFO: [ app_begin ] --END-- [ RunTime:0.001256s ]
SQL: SHOW COLUMNS FROM `wx_wechat` [ RunTime:0.0113s ]
SQL: SHOW COLUMNS FROM `wx_user` [ RunTime:0.0133s ]
SQL: SELECT * FROM `wx_user` WHERE `openid` = 'oaQ8auGYY-uQTtIUAFFxqnQJpjWQ'  [ RunTime:0.0022s ]
SQL: SHOW COLUMNS FROM `wx_goods_category` [ RunTime:0.0199s ]

[ 2015-03-27T23:47:45+08:00 ] 127.0.0.1 /ecs_weixiao/index.php?m=Seller&c=Index&a=index
INFO: [ app_init ] --START--
INFO: Run Behavior\BuildLiteBehavior [ RunTime:0.000021s ]
INFO: [ app_init ] --END-- [ RunTime:0.000443s ]
INFO: [ app_begin ] --START--
INFO: Run Behavior\ReadHtmlCacheBehavior [ RunTime:0.000844s ]
INFO: [ app_begin ] --END-- [ RunTime:0.001001s ]
SQL: SHOW COLUMNS FROM `wx_wechat` [ RunTime:0.0121s ]
SQL: SHOW COLUMNS FROM `wx_user` [ RunTime:0.0115s ]
SQL: SELECT * FROM `wx_user` WHERE `openid` = 'oaQ8auGYY-uQTtIUAFFxqnQJpjWQ'  [ RunTime:0.0006s ]

[ 2015-03-27T23:49:17+08:00 ] 127.0.0.1 /ecs_weixiao/index.php?m=Seller&c=Index&a=index
INFO: [ app_init ] --START--
INFO: Run Behavior\BuildLiteBehavior [ RunTime:0.000022s ]
INFO: [ app_init ] --END-- [ RunTime:0.000951s ]
INFO: [ app_begin ] --START--
INFO: Run Behavior\ReadHtmlCacheBehavior [ RunTime:0.000682s ]
INFO: [ app_begin ] --END-- [ RunTime:0.000814s ]
SQL: SHOW COLUMNS FROM `wx_wechat` [ RunTime:0.0126s ]
SQL: SHOW COLUMNS FROM `wx_user` [ RunTime:0.0127s ]
SQL: SELECT * FROM `wx_user` WHERE `openid` = 'oaQ8auGYY-uQTtIUAFFxqnQJpjWQ'  [ RunTime:0.0014s ]
SQL: SHOW COLUMNS FROM `wx_goods_category` [ RunTime:0.0115s ]

[ 2015-03-27T23:53:12+08:00 ] 127.0.0.1 /ecs_weixiao/index.php?m=Seller&c=Index&a=index
INFO: [ app_init ] --START--
INFO: Run Behavior\BuildLiteBehavior [ RunTime:0.000025s ]
INFO: [ app_init ] --END-- [ RunTime:0.000513s ]
INFO: [ app_begin ] --START--
INFO: Run Behavior\ReadHtmlCacheBehavior [ RunTime:0.000982s ]
INFO: [ app_begin ] --END-- [ RunTime:0.001082s ]
SQL: SHOW COLUMNS FROM `wx_wechat` [ RunTime:0.0120s ]
SQL: SHOW COLUMNS FROM `wx_user` [ RunTime:0.0111s ]
SQL: SELECT * FROM `wx_user` WHERE `openid` = 'oaQ8auGYY-uQTtIUAFFxqnQJpjWQ'  [ RunTime:0.0014s ]
SQL: SHOW COLUMNS FROM `wx_goods_category` [ RunTime:0.0086s ]
NOTIC: [8] Undefined index: uid D:\ApmServ\APMServ5.2.6\www\htdocs\ecs_weixiao\Application\Seller\Controller\IndexController.class.php 第 78 行.
NOTIC: [8] Undefined variable: condtion D:\ApmServ\APMServ5.2.6\www\htdocs\ecs_weixiao\Application\Seller\Model\GoodsCategoryModel.class.php 第 19 行.
SQL: SELECT * FROM `wx_goods_category`  [ RunTime:0.0007s ]

[ 2015-03-27T23:53:58+08:00 ] 127.0.0.1 /ecs_weixiao/index.php?m=Seller&c=Index&a=index
INFO: [ app_init ] --START--
INFO: Run Behavior\BuildLiteBehavior [ RunTime:0.000021s ]
INFO: [ app_init ] --END-- [ RunTime:0.000960s ]
INFO: [ app_begin ] --START--
INFO: Run Behavior\ReadHtmlCacheBehavior [ RunTime:0.000831s ]
INFO: [ app_begin ] --END-- [ RunTime:0.000967s ]
SQL: SHOW COLUMNS FROM `wx_wechat` [ RunTime:0.0151s ]
SQL: SHOW COLUMNS FROM `wx_user` [ RunTime:0.0107s ]
SQL: SELECT * FROM `wx_user` WHERE `openid` = 'oaQ8auGYY-uQTtIUAFFxqnQJpjWQ'  [ RunTime:0.0292s ]
SQL: SHOW COLUMNS FROM `wx_goods_category` [ RunTime:0.0110s ]
NOTIC: [8] Undefined index: uid D:\ApmServ\APMServ5.2.6\www\htdocs\ecs_weixiao\Application\Seller\Controller\IndexController.class.php 第 78 行.
NOTIC: [8] Undefined variable: condtion D:\ApmServ\APMServ5.2.6\www\htdocs\ecs_weixiao\Application\Seller\Model\GoodsCategoryModel.class.php 第 19 行.
SQL: SELECT * FROM `wx_goods_category`  [ RunTime:0.0009s ]
NOTIC: [8] Undefined index: uid D:\ApmServ\APMServ5.2.6\www\htdocs\ecs_weixiao\Application\Seller\Controller\IndexController.class.php 第 79 行.

[ 2015-03-27T23:54:10+08:00 ] 127.0.0.1 /ecs_weixiao/index.php?m=Seller&c=Index&a=index
INFO: [ app_init ] --START--
INFO: Run Behavior\BuildLiteBehavior [ RunTime:0.000051s ]
INFO: [ app_init ] --END-- [ RunTime:0.000680s ]
INFO: [ app_begin ] --START--
INFO: Run Behavior\ReadHtmlCacheBehavior [ RunTime:0.000857s ]
INFO: [ app_begin ] --END-- [ RunTime:0.000969s ]
SQL: SHOW COLUMNS FROM `wx_wechat` [ RunTime:0.0120s ]
SQL: SHOW COLUMNS FROM `wx_user` [ RunTime:0.0117s ]
SQL: SELECT * FROM `wx_user` WHERE `openid` = 'oaQ8auGYY-uQTtIUAFFxqnQJpjWQ'  [ RunTime:0.0010s ]
SQL: SHOW COLUMNS FROM `wx_goods_category` [ RunTime:0.0128s ]
NOTIC: [8] Undefined index: uid D:\ApmServ\APMServ5.2.6\www\htdocs\ecs_weixiao\Application\Seller\Controller\IndexController.class.php 第 78 行.
NOTIC: [8] Undefined variable: condtion D:\ApmServ\APMServ5.2.6\www\htdocs\ecs_weixiao\Application\Seller\Model\GoodsCategoryModel.class.php 第 19 行.
SQL: SELECT * FROM `wx_goods_category`  [ RunTime:0.0010s ]

[ 2015-03-27T23:55:20+08:00 ] 127.0.0.1 /ecs_weixiao/index.php?m=Seller&c=Index&a=index
INFO: [ app_init ] --START--
INFO: Run Behavior\BuildLiteBehavior [ RunTime:0.000016s ]
INFO: [ app_init ] --END-- [ RunTime:0.000457s ]
INFO: [ app_begin ] --START--
INFO: Run Behavior\ReadHtmlCacheBehavior [ RunTime:0.000845s ]
INFO: [ app_begin ] --END-- [ RunTime:0.000939s ]
SQL: SHOW COLUMNS FROM `wx_wechat` [ RunTime:0.0170s ]
SQL: SHOW COLUMNS FROM `wx_user` [ RunTime:0.0125s ]
SQL: SELECT * FROM `wx_user` WHERE `openid` = 'oaQ8auGYY-uQTtIUAFFxqnQJpjWQ' LIMIT 1   [ RunTime:0.0017s ]
SQL: SHOW COLUMNS FROM `wx_goods_category` [ RunTime:0.0095s ]
NOTIC: [8] Undefined variable: condtion D:\ApmServ\APMServ5.2.6\www\htdocs\ecs_weixiao\Application\Seller\Model\GoodsCategoryModel.class.php 第 19 行.
SQL: SELECT * FROM `wx_goods_category`  [ RunTime:0.0008s ]

[ 2015-03-27T23:55:37+08:00 ] 127.0.0.1 /ecs_weixiao/index.php?m=Seller&c=Index&a=index
INFO: [ app_init ] --START--
INFO: Run Behavior\BuildLiteBehavior [ RunTime:0.000018s ]
INFO: [ app_init ] --END-- [ RunTime:0.000419s ]
INFO: [ app_begin ] --START--
INFO: Run Behavior\ReadHtmlCacheBehavior [ RunTime:0.000546s ]
INFO: [ app_begin ] --END-- [ RunTime:0.000620s ]
SQL: SHOW COLUMNS FROM `wx_wechat` [ RunTime:0.0109s ]
SQL: SHOW COLUMNS FROM `wx_user` [ RunTime:0.0097s ]
SQL: SELECT * FROM `wx_user` WHERE `openid` = 'oaQ8auGYY-uQTtIUAFFxqnQJpjWQ' LIMIT 1   [ RunTime:0.0010s ]
SQL: SHOW COLUMNS FROM `wx_goods_category` [ RunTime:0.0092s ]
NOTIC: [8] Undefined variable: condtion D:\ApmServ\APMServ5.2.6\www\htdocs\ecs_weixiao\Application\Seller\Model\GoodsCategoryModel.class.php 第 19 行.
SQL: SELECT * FROM `wx_goods_category`  [ RunTime:0.0007s ]

[ 2015-03-27T23:55:54+08:00 ] 127.0.0.1 /ecs_weixiao/index.php?m=Seller&c=Index&a=index
INFO: [ app_init ] --START--
INFO: Run Behavior\BuildLiteBehavior [ RunTime:0.000065s ]
INFO: [ app_init ] --END-- [ RunTime:0.001259s ]
INFO: [ app_begin ] --START--
INFO: Run Behavior\ReadHtmlCacheBehavior [ RunTime:0.001628s ]
INFO: [ app_begin ] --END-- [ RunTime:0.001823s ]
SQL: SHOW COLUMNS FROM `wx_wechat` [ RunTime:0.0105s ]
SQL: SHOW COLUMNS FROM `wx_user` [ RunTime:0.0097s ]
SQL: SELECT * FROM `wx_user` WHERE `openid` = 'oaQ8auGYY-uQTtIUAFFxqnQJpjWQ' LIMIT 1   [ RunTime:0.0015s ]
SQL: SHOW COLUMNS FROM `wx_goods_category` [ RunTime:0.0110s ]
SQL: SELECT * FROM `wx_goods_category` WHERE `uid` = 29  [ RunTime:0.0011s ]

[ 2015-03-27T23:56:06+08:00 ] 127.0.0.1 /ecs_weixiao/index.php?m=Seller&c=Index&a=index
INFO: [ app_init ] --START--
INFO: Run Behavior\BuildLiteBehavior [ RunTime:0.000020s ]
INFO: [ app_init ] --END-- [ RunTime:0.000424s ]
INFO: [ app_begin ] --START--
INFO: Run Behavior\ReadHtmlCacheBehavior [ RunTime:0.000500s ]
INFO: [ app_begin ] --END-- [ RunTime:0.000562s ]
SQL: SHOW COLUMNS FROM `wx_wechat` [ RunTime:0.0164s ]
SQL: SHOW COLUMNS FROM `wx_user` [ RunTime:0.0128s ]
SQL: SELECT * FROM `wx_user` WHERE `openid` = 'oaQ8auGYY-uQTtIUAFFxqnQJpjWQ' LIMIT 1   [ RunTime:0.0011s ]
SQL: SHOW COLUMNS FROM `wx_goods_category` [ RunTime:0.0091s ]
SQL: SELECT * FROM `wx_goods_category` WHERE `uid` = 29  [ RunTime:0.0006s ]

[ 2015-03-27T23:56:26+08:00 ] 127.0.0.1 /ecs_weixiao/index.php?m=Seller&c=Index&a=index
INFO: [ app_init ] --START--
INFO: Run Behavior\BuildLiteBehavior [ RunTime:0.000021s ]
INFO: [ app_init ] --END-- [ RunTime:0.000721s ]
INFO: [ app_begin ] --START--
INFO: Run Behavior\ReadHtmlCacheBehavior [ RunTime:0.000936s ]
INFO: [ app_begin ] --END-- [ RunTime:0.001075s ]
SQL: SHOW COLUMNS FROM `wx_wechat` [ RunTime:0.0121s ]
SQL: SHOW COLUMNS FROM `wx_user` [ RunTime:0.0098s ]
SQL: SELECT * FROM `wx_user` WHERE `openid` = 'oaQ8auGYY-uQTtIUAFFxqnQJpjWQ' LIMIT 1   [ RunTime:0.0011s ]
SQL: SHOW COLUMNS FROM `wx_goods_category` [ RunTime:0.0118s ]
SQL: SELECT * FROM `wx_goods_category` WHERE `uid` = 29  [ RunTime:0.0008s ]

[ 2015-03-27T23:56:33+08:00 ] 127.0.0.1 /ecs_weixiao/index.php?m=Seller&c=Index&a=index
INFO: [ app_init ] --START--
INFO: Run Behavior\BuildLiteBehavior [ RunTime:0.000017s ]
INFO: [ app_init ] --END-- [ RunTime:0.000419s ]
INFO: [ app_begin ] --START--
INFO: Run Behavior\ReadHtmlCacheBehavior [ RunTime:0.001616s ]
INFO: [ app_begin ] --END-- [ RunTime:0.001734s ]
SQL: SHOW COLUMNS FROM `wx_wechat` [ RunTime:0.0126s ]
SQL: SHOW COLUMNS FROM `wx_user` [ RunTime:0.0121s ]
SQL: SELECT * FROM `wx_user` WHERE `openid` = 'oaQ8auGYY-uQTtIUAFFxqnQJpjWQ' LIMIT 1   [ RunTime:0.0011s ]
SQL: SHOW COLUMNS FROM `wx_goods_category` [ RunTime:0.0103s ]
SQL: SELECT * FROM `wx_goods_category` WHERE `uid` = 29  [ RunTime:0.0008s ]

